DEB [20181116-06:42:34.755] thr=1   paramiko.transport: starting thread (client mode): 0xabd3550
DEB [20181116-06:42:34.755] thr=1   paramiko.transport: Local version/idstring: SSH-2.0-paramiko_2.4.2
DEB [20181116-06:42:34.762] thr=1   paramiko.transport: Remote version/idstring: SSH-2.0-OpenSSH_6.6.1
INF [20181116-06:42:34.762] thr=1   paramiko.transport: Connected (version 2.0, client OpenSSH_6.6.1)
DEB [20181116-06:42:34.764] thr=1   paramiko.transport: kex algos:['curve25519-sha256@libssh.org', 'ecdh-sha2-nistp256', 'ecdh-sha2-nistp384', 'ecdh-sha2-nistp521', 'diffie-hellman-group-exchange-sha256', 'diffie-hellman-group-exchange-sha1', 'diffie-hellman-group14-sha1', 'diffie-hellman-group1-sha1'] server key:['ssh-rsa', 'ecdsa-sha2-nistp256', 'ssh-ed25519'] client encrypt:['aes128-ctr', 'aes192-ctr', 'aes256-ctr', 'arcfour256', 'arcfour128', 'aes128-gcm@openssh.com', 'aes256-gcm@openssh.com', 'chacha20-poly1305@openssh.com', 'aes128-cbc', '3des-cbc', 'blowfish-cbc', 'cast128-cbc', 'aes192-cbc', 'aes256-cbc', 'arcfour', 'rijndael-cbc@lysator.liu.se'] server encrypt:['aes128-ctr', 'aes192-ctr', 'aes256-ctr', 'arcfour256', 'arcfour128', 'aes128-gcm@openssh.com', 'aes256-gcm@openssh.com', 'chacha20-poly1305@openssh.com', 'aes128-cbc', '3des-cbc', 'blowfish-cbc', 'cast128-cbc', 'aes192-cbc', 'aes256-cbc', 'arcfour', 'rijndael-cbc@lysator.liu.se'] client mac:['hmac-md5-etm@openssh.com', 'hmac-sha1-etm@openssh.com', 'umac-64-etm@openssh.com', 'umac-128-etm@openssh.com', 'hmac-sha2-256-etm@openssh.com', 'hmac-sha2-512-etm@openssh.com', 'hmac-ripemd160-etm@openssh.com', 'hmac-sha1-96-etm@openssh.com', 'hmac-md5-96-etm@openssh.com', 'hmac-md5', 'hmac-sha1', 'umac-64@openssh.com', 'umac-128@openssh.com', 'hmac-sha2-256', 'hmac-sha2-512', 'hmac-ripemd160', 'hmac-ripemd160@openssh.com', 'hmac-sha1-96', 'hmac-md5-96'] server mac:['hmac-md5-etm@openssh.com', 'hmac-sha1-etm@openssh.com', 'umac-64-etm@openssh.com', 'umac-128-etm@openssh.com', 'hmac-sha2-256-etm@openssh.com', 'hmac-sha2-512-etm@openssh.com', 'hmac-ripemd160-etm@openssh.com', 'hmac-sha1-96-etm@openssh.com', 'hmac-md5-96-etm@openssh.com', 'hmac-md5', 'hmac-sha1', 'umac-64@openssh.com', 'umac-128@openssh.com', 'hmac-sha2-256', 'hmac-sha2-512', 'hmac-ripemd160', 'hmac-ripemd160@openssh.com', 'hmac-sha1-96', 'hmac-md5-96'] client compress:['none', 'zlib@openssh.com'] server compress:['none', 'zlib@openssh.com'] client lang:[''] server lang:[''] kex follows?False
DEB [20181116-06:42:34.764] thr=1   paramiko.transport: Kex agreed: ecdh-sha2-nistp256
DEB [20181116-06:42:34.764] thr=1   paramiko.transport: HostKey agreed: ssh-ed25519
DEB [20181116-06:42:34.764] thr=1   paramiko.transport: Cipher agreed: aes128-ctr
DEB [20181116-06:42:34.764] thr=1   paramiko.transport: MAC agreed: hmac-sha2-256
DEB [20181116-06:42:34.764] thr=1   paramiko.transport: Compression agreed: none
DEB [20181116-06:42:34.827] thr=1   paramiko.transport: kex engine KexNistp256 specified hash_algo <built-in function openssl_sha256>
DEB [20181116-06:42:34.827] thr=1   paramiko.transport: Switch to new keys ...
DEB [20181116-06:42:34.827] thr=2   paramiko.transport: Adding ssh-ed25519 host key for 172.20.4.131: b'25eb9e43697d2dea5a2a3e1be4e7ca91'
DEB [20181116-06:42:34.866] thr=1   paramiko.transport: userauth is OK
INF [20181116-06:42:34.896] thr=1   paramiko.transport: Authentication (password) successful!
DEB [20181116-06:42:34.897] thr=2   paramiko.transport: [chan 0] Max packet in: 32768 bytes
DEB [20181116-06:42:34.901] thr=1   paramiko.transport: [chan 0] Max packet out: 32768 bytes
DEB [20181116-06:42:34.901] thr=1   paramiko.transport: Secsh channel 0 opened.
DEB [20181116-06:42:34.903] thr=1   paramiko.transport: [chan 0] Sesch channel 0 request ok
DEB [20181116-06:42:34.917] thr=1   paramiko.transport: [chan 0] EOF received (0)
DEB [20181116-06:42:34.917] thr=1   paramiko.transport: [chan 0] EOF sent (0)
DEB [20181116-06:42:34.917] thr=2   paramiko.transport: [chan 1] Max packet in: 32768 bytes
DEB [20181116-06:42:34.954] thr=1   paramiko.transport: [chan 1] Max packet out: 32768 bytes
DEB [20181116-06:42:34.954] thr=1   paramiko.transport: Secsh channel 1 opened.
DEB [20181116-06:42:34.956] thr=1   paramiko.transport: [chan 1] Sesch channel 1 request ok
DEB [20181116-06:42:34.969] thr=1   paramiko.transport: [chan 1] EOF received (1)
DEB [20181116-06:42:34.970] thr=1   paramiko.transport: [chan 1] EOF sent (1)
DEB [20181116-06:42:34.970] thr=2   paramiko.transport: [chan 2] Max packet in: 32768 bytes
DEB [20181116-06:42:35.010] thr=1   paramiko.transport: [chan 2] Max packet out: 32768 bytes
DEB [20181116-06:42:35.010] thr=1   paramiko.transport: Secsh channel 2 opened.
DEB [20181116-06:42:35.012] thr=1   paramiko.transport: [chan 2] Sesch channel 2 request ok
DEB [20181116-06:42:35.753] thr=1   paramiko.transport: [chan 2] EOF received (2)
DEB [20181116-06:42:35.753] thr=2   paramiko.transport: [chan 3] Max packet in: 32768 bytes
DEB [20181116-06:42:35.753] thr=1   paramiko.transport: [chan 2] EOF sent (2)
DEB [20181116-06:42:35.754] thr=1   paramiko.transport: [chan 3] Max packet out: 32768 bytes
DEB [20181116-06:42:35.754] thr=1   paramiko.transport: Secsh channel 3 opened.
DEB [20181116-06:42:35.791] thr=1   paramiko.transport: [chan 3] Sesch channel 3 request ok
DEB [20181116-06:42:35.807] thr=1   paramiko.transport: [chan 3] EOF received (3)
DEB [20181116-06:42:35.807] thr=2   paramiko.transport: [chan 4] Max packet in: 32768 bytes
DEB [20181116-06:42:35.807] thr=1   paramiko.transport: [chan 3] EOF sent (3)
DEB [20181116-06:42:35.808] thr=1   paramiko.transport: [chan 4] Max packet out: 32768 bytes
DEB [20181116-06:42:35.808] thr=1   paramiko.transport: Secsh channel 4 opened.
DEB [20181116-06:42:35.847] thr=1   paramiko.transport: [chan 4] Sesch channel 4 request ok
DEB [20181116-06:42:35.862] thr=1   paramiko.transport: [chan 4] EOF received (4)
DEB [20181116-06:42:35.862] thr=1   paramiko.transport: [chan 4] EOF sent (4)
DEB [20181116-06:42:35.863] thr=2   paramiko.transport: [chan 5] Max packet in: 32768 bytes
DEB [20181116-06:42:35.902] thr=1   paramiko.transport: [chan 5] Max packet out: 32768 bytes
DEB [20181116-06:42:35.902] thr=1   paramiko.transport: Secsh channel 5 opened.
DEB [20181116-06:42:35.904] thr=1   paramiko.transport: [chan 5] Sesch channel 5 request ok
DEB [20181116-06:42:35.918] thr=1   paramiko.transport: [chan 5] EOF received (5)
DEB [20181116-06:42:35.919] thr=2   paramiko.transport: [chan 6] Max packet in: 32768 bytes
DEB [20181116-06:42:35.919] thr=1   paramiko.transport: [chan 5] EOF sent (5)
DEB [20181116-06:42:35.919] thr=1   paramiko.transport: [chan 6] Max packet out: 32768 bytes
DEB [20181116-06:42:35.919] thr=1   paramiko.transport: Secsh channel 6 opened.
DEB [20181116-06:42:35.959] thr=1   paramiko.transport: [chan 6] Sesch channel 6 request ok
DEB [20181116-06:42:37.804] thr=1   paramiko.transport: [chan 6] EOF received (6)
DEB [20181116-06:42:37.804] thr=1   paramiko.transport: [chan 6] EOF sent (6)
DEB [20181116-06:42:37.816] thr=3   paramiko.transport: starting thread (client mode): 0xabd3940
DEB [20181116-06:42:37.816] thr=3   paramiko.transport: Local version/idstring: SSH-2.0-paramiko_2.4.2
DEB [20181116-06:42:37.824] thr=3   paramiko.transport: Remote version/idstring: SSH-2.0-OpenSSH_6.6.1
INF [20181116-06:42:37.824] thr=3   paramiko.transport: Connected (version 2.0, client OpenSSH_6.6.1)
DEB [20181116-06:42:37.826] thr=3   paramiko.transport: kex algos:['curve25519-sha256@libssh.org', 'ecdh-sha2-nistp256', 'ecdh-sha2-nistp384', 'ecdh-sha2-nistp521', 'diffie-hellman-group-exchange-sha256', 'diffie-hellman-group-exchange-sha1', 'diffie-hellman-group14-sha1', 'diffie-hellman-group1-sha1'] server key:['ssh-rsa', 'ecdsa-sha2-nistp256', 'ssh-ed25519'] client encrypt:['aes128-ctr', 'aes192-ctr', 'aes256-ctr', 'arcfour256', 'arcfour128', 'aes128-gcm@openssh.com', 'aes256-gcm@openssh.com', 'chacha20-poly1305@openssh.com', 'aes128-cbc', '3des-cbc', 'blowfish-cbc', 'cast128-cbc', 'aes192-cbc', 'aes256-cbc', 'arcfour', 'rijndael-cbc@lysator.liu.se'] server encrypt:['aes128-ctr', 'aes192-ctr', 'aes256-ctr', 'arcfour256', 'arcfour128', 'aes128-gcm@openssh.com', 'aes256-gcm@openssh.com', 'chacha20-poly1305@openssh.com', 'aes128-cbc', '3des-cbc', 'blowfish-cbc', 'cast128-cbc', 'aes192-cbc', 'aes256-cbc', 'arcfour', 'rijndael-cbc@lysator.liu.se'] client mac:['hmac-md5-etm@openssh.com', 'hmac-sha1-etm@openssh.com', 'umac-64-etm@openssh.com', 'umac-128-etm@openssh.com', 'hmac-sha2-256-etm@openssh.com', 'hmac-sha2-512-etm@openssh.com', 'hmac-ripemd160-etm@openssh.com', 'hmac-sha1-96-etm@openssh.com', 'hmac-md5-96-etm@openssh.com', 'hmac-md5', 'hmac-sha1', 'umac-64@openssh.com', 'umac-128@openssh.com', 'hmac-sha2-256', 'hmac-sha2-512', 'hmac-ripemd160', 'hmac-ripemd160@openssh.com', 'hmac-sha1-96', 'hmac-md5-96'] server mac:['hmac-md5-etm@openssh.com', 'hmac-sha1-etm@openssh.com', 'umac-64-etm@openssh.com', 'umac-128-etm@openssh.com', 'hmac-sha2-256-etm@openssh.com', 'hmac-sha2-512-etm@openssh.com', 'hmac-ripemd160-etm@openssh.com', 'hmac-sha1-96-etm@openssh.com', 'hmac-md5-96-etm@openssh.com', 'hmac-md5', 'hmac-sha1', 'umac-64@openssh.com', 'umac-128@openssh.com', 'hmac-sha2-256', 'hmac-sha2-512', 'hmac-ripemd160', 'hmac-ripemd160@openssh.com', 'hmac-sha1-96', 'hmac-md5-96'] client compress:['none', 'zlib@openssh.com'] server compress:['none', 'zlib@openssh.com'] client lang:[''] server lang:[''] kex follows?False
DEB [20181116-06:42:37.826] thr=3   paramiko.transport: Kex agreed: ecdh-sha2-nistp256
DEB [20181116-06:42:37.826] thr=3   paramiko.transport: HostKey agreed: ssh-ed25519
DEB [20181116-06:42:37.826] thr=3   paramiko.transport: Cipher agreed: aes128-ctr
DEB [20181116-06:42:37.826] thr=3   paramiko.transport: MAC agreed: hmac-sha2-256
DEB [20181116-06:42:37.826] thr=3   paramiko.transport: Compression agreed: none
DEB [20181116-06:42:37.832] thr=3   paramiko.transport: kex engine KexNistp256 specified hash_algo <built-in function openssl_sha256>
DEB [20181116-06:42:37.832] thr=3   paramiko.transport: Switch to new keys ...
DEB [20181116-06:42:37.832] thr=2   paramiko.transport: Adding ssh-ed25519 host key for 172.20.4.131: b'25eb9e43697d2dea5a2a3e1be4e7ca91'
DEB [20181116-06:42:37.870] thr=3   paramiko.transport: userauth is OK
INF [20181116-06:42:37.901] thr=3   paramiko.transport: Authentication (password) successful!
DEB [20181116-06:42:37.902] thr=2   paramiko.transport: [chan 0] Max packet in: 32768 bytes
DEB [20181116-06:42:37.905] thr=1   paramiko.transport: EOF in transport thread
DEB [20181116-06:42:37.906] thr=3   paramiko.transport: [chan 0] Max packet out: 32768 bytes
DEB [20181116-06:42:37.906] thr=3   paramiko.transport: Secsh channel 0 opened.
DEB [20181116-06:42:37.908] thr=3   paramiko.transport: [chan 0] Sesch channel 0 request ok
DEB [20181116-06:42:37.922] thr=2   paramiko.transport: [chan 1] Max packet in: 32768 bytes
DEB [20181116-06:42:37.923] thr=3   paramiko.transport: [chan 0] EOF received (0)
DEB [20181116-06:42:37.923] thr=3   paramiko.transport: [chan 0] EOF sent (0)
DEB [20181116-06:42:37.923] thr=3   paramiko.transport: [chan 1] Max packet out: 32768 bytes
DEB [20181116-06:42:37.923] thr=3   paramiko.transport: Secsh channel 1 opened.
DEB [20181116-06:42:37.963] thr=3   paramiko.transport: [chan 1] Sesch channel 1 request ok
DEB [20181116-06:42:37.977] thr=3   paramiko.transport: [chan 1] EOF received (1)
DEB [20181116-06:42:37.977] thr=2   paramiko.transport: [chan 2] Max packet in: 32768 bytes
DEB [20181116-06:42:37.978] thr=3   paramiko.transport: [chan 1] EOF sent (1)
DEB [20181116-06:42:37.978] thr=3   paramiko.transport: [chan 2] Max packet out: 32768 bytes
DEB [20181116-06:42:37.978] thr=3   paramiko.transport: Secsh channel 2 opened.
DEB [20181116-06:42:38.020] thr=3   paramiko.transport: [chan 2] Sesch channel 2 request ok
DEB [20181116-06:42:38.466] thr=2   paramiko.transport: [chan 3] Max packet in: 32768 bytes
DEB [20181116-06:42:38.466] thr=3   paramiko.transport: [chan 2] EOF received (2)
DEB [20181116-06:42:38.467] thr=3   paramiko.transport: [chan 2] EOF sent (2)
DEB [20181116-06:42:38.467] thr=3   paramiko.transport: [chan 3] Max packet out: 32768 bytes
DEB [20181116-06:42:38.467] thr=3   paramiko.transport: Secsh channel 3 opened.
DEB [20181116-06:42:38.508] thr=3   paramiko.transport: [chan 3] Sesch channel 3 request ok
DEB [20181116-06:42:38.524] thr=2   paramiko.transport: [chan 4] Max packet in: 32768 bytes
DEB [20181116-06:42:38.524] thr=3   paramiko.transport: [chan 3] EOF received (3)
DEB [20181116-06:42:38.525] thr=3   paramiko.transport: [chan 3] EOF sent (3)
DEB [20181116-06:42:38.525] thr=3   paramiko.transport: [chan 4] Max packet out: 32768 bytes
DEB [20181116-06:42:38.525] thr=3   paramiko.transport: Secsh channel 4 opened.
DEB [20181116-06:42:38.564] thr=3   paramiko.transport: [chan 4] Sesch channel 4 request ok
DEB [20181116-06:42:38.581] thr=3   paramiko.transport: [chan 4] EOF received (4)
DEB [20181116-06:42:38.581] thr=2   paramiko.transport: [chan 5] Max packet in: 32768 bytes
DEB [20181116-06:42:38.581] thr=3   paramiko.transport: [chan 4] EOF sent (4)
DEB [20181116-06:42:38.582] thr=3   paramiko.transport: [chan 5] Max packet out: 32768 bytes
DEB [20181116-06:42:38.582] thr=3   paramiko.transport: Secsh channel 5 opened.
DEB [20181116-06:42:38.620] thr=3   paramiko.transport: [chan 5] Sesch channel 5 request ok
DEB [20181116-06:42:38.636] thr=3   paramiko.transport: [chan 5] EOF received (5)
DEB [20181116-06:42:38.636] thr=2   paramiko.transport: [chan 6] Max packet in: 32768 bytes
DEB [20181116-06:42:38.636] thr=3   paramiko.transport: [chan 5] EOF sent (5)
DEB [20181116-06:42:38.637] thr=3   paramiko.transport: [chan 6] Max packet out: 32768 bytes
DEB [20181116-06:42:38.637] thr=3   paramiko.transport: Secsh channel 6 opened.
DEB [20181116-06:42:38.676] thr=3   paramiko.transport: [chan 6] Sesch channel 6 request ok
DEB [20181116-06:42:39.999] thr=3   paramiko.transport: [chan 6] EOF received (6)
DEB [20181116-06:42:39.999] thr=3   paramiko.transport: [chan 6] EOF sent (6)
DEB [20181116-06:42:40.100] thr=3   paramiko.transport: EOF in transport thread
DEB [20181116-06:53:27.779] thr=1   paramiko.transport: starting thread (client mode): 0x4ffee7b8
DEB [20181116-06:53:27.779] thr=1   paramiko.transport: Local version/idstring: SSH-2.0-paramiko_2.4.2
DEB [20181116-06:53:27.787] thr=1   paramiko.transport: Remote version/idstring: SSH-2.0-OpenSSH_6.6.1
INF [20181116-06:53:27.787] thr=1   paramiko.transport: Connected (version 2.0, client OpenSSH_6.6.1)
DEB [20181116-06:53:27.788] thr=1   paramiko.transport: kex algos:['curve25519-sha256@libssh.org', 'ecdh-sha2-nistp256', 'ecdh-sha2-nistp384', 'ecdh-sha2-nistp521', 'diffie-hellman-group-exchange-sha256', 'diffie-hellman-group-exchange-sha1', 'diffie-hellman-group14-sha1', 'diffie-hellman-group1-sha1'] server key:['ssh-rsa', 'ecdsa-sha2-nistp256', 'ssh-ed25519'] client encrypt:['aes128-ctr', 'aes192-ctr', 'aes256-ctr', 'arcfour256', 'arcfour128', 'aes128-gcm@openssh.com', 'aes256-gcm@openssh.com', 'chacha20-poly1305@openssh.com', 'aes128-cbc', '3des-cbc', 'blowfish-cbc', 'cast128-cbc', 'aes192-cbc', 'aes256-cbc', 'arcfour', 'rijndael-cbc@lysator.liu.se'] server encrypt:['aes128-ctr', 'aes192-ctr', 'aes256-ctr', 'arcfour256', 'arcfour128', 'aes128-gcm@openssh.com', 'aes256-gcm@openssh.com', 'chacha20-poly1305@openssh.com', 'aes128-cbc', '3des-cbc', 'blowfish-cbc', 'cast128-cbc', 'aes192-cbc', 'aes256-cbc', 'arcfour', 'rijndael-cbc@lysator.liu.se'] client mac:['hmac-md5-etm@openssh.com', 'hmac-sha1-etm@openssh.com', 'umac-64-etm@openssh.com', 'umac-128-etm@openssh.com', 'hmac-sha2-256-etm@openssh.com', 'hmac-sha2-512-etm@openssh.com', 'hmac-ripemd160-etm@openssh.com', 'hmac-sha1-96-etm@openssh.com', 'hmac-md5-96-etm@openssh.com', 'hmac-md5', 'hmac-sha1', 'umac-64@openssh.com', 'umac-128@openssh.com', 'hmac-sha2-256', 'hmac-sha2-512', 'hmac-ripemd160', 'hmac-ripemd160@openssh.com', 'hmac-sha1-96', 'hmac-md5-96'] server mac:['hmac-md5-etm@openssh.com', 'hmac-sha1-etm@openssh.com', 'umac-64-etm@openssh.com', 'umac-128-etm@openssh.com', 'hmac-sha2-256-etm@openssh.com', 'hmac-sha2-512-etm@openssh.com', 'hmac-ripemd160-etm@openssh.com', 'hmac-sha1-96-etm@openssh.com', 'hmac-md5-96-etm@openssh.com', 'hmac-md5', 'hmac-sha1', 'umac-64@openssh.com', 'umac-128@openssh.com', 'hmac-sha2-256', 'hmac-sha2-512', 'hmac-ripemd160', 'hmac-ripemd160@openssh.com', 'hmac-sha1-96', 'hmac-md5-96'] client compress:['none', 'zlib@openssh.com'] server compress:['none', 'zlib@openssh.com'] client lang:[''] server lang:[''] kex follows?False
DEB [20181116-06:53:27.788] thr=1   paramiko.transport: Kex agreed: ecdh-sha2-nistp256
DEB [20181116-06:53:27.788] thr=1   paramiko.transport: HostKey agreed: ssh-ed25519
DEB [20181116-06:53:27.788] thr=1   paramiko.transport: Cipher agreed: aes128-ctr
DEB [20181116-06:53:27.788] thr=1   paramiko.transport: MAC agreed: hmac-sha2-256
DEB [20181116-06:53:27.788] thr=1   paramiko.transport: Compression agreed: none
DEB [20181116-06:53:27.815] thr=1   paramiko.transport: kex engine KexNistp256 specified hash_algo <built-in function openssl_sha256>
DEB [20181116-06:53:27.815] thr=1   paramiko.transport: Switch to new keys ...
DEB [20181116-06:53:27.816] thr=2   paramiko.transport: Adding ssh-ed25519 host key for 172.20.4.131: b'25eb9e43697d2dea5a2a3e1be4e7ca91'
DEB [20181116-06:53:27.853] thr=1   paramiko.transport: userauth is OK
INF [20181116-06:53:27.884] thr=1   paramiko.transport: Authentication (password) successful!
DEB [20181116-06:53:27.884] thr=2   paramiko.transport: [chan 0] Max packet in: 32768 bytes
DEB [20181116-06:53:27.889] thr=1   paramiko.transport: [chan 0] Max packet out: 32768 bytes
DEB [20181116-06:53:27.889] thr=1   paramiko.transport: Secsh channel 0 opened.
DEB [20181116-06:53:27.890] thr=1   paramiko.transport: [chan 0] Sesch channel 0 request ok
DEB [20181116-06:53:27.905] thr=2   paramiko.transport: [chan 1] Max packet in: 32768 bytes
DEB [20181116-06:53:27.905] thr=1   paramiko.transport: [chan 0] EOF received (0)
DEB [20181116-06:53:27.905] thr=1   paramiko.transport: [chan 0] EOF sent (0)
DEB [20181116-06:53:27.905] thr=1   paramiko.transport: [chan 1] Max packet out: 32768 bytes
DEB [20181116-06:53:27.905] thr=1   paramiko.transport: Secsh channel 1 opened.
DEB [20181116-06:53:27.947] thr=1   paramiko.transport: [chan 1] Sesch channel 1 request ok
DEB [20181116-06:53:27.960] thr=1   paramiko.transport: [chan 1] EOF received (1)
DEB [20181116-06:53:27.960] thr=2   paramiko.transport: [chan 2] Max packet in: 32768 bytes
DEB [20181116-06:53:27.960] thr=1   paramiko.transport: [chan 1] EOF sent (1)
DEB [20181116-06:53:27.961] thr=1   paramiko.transport: [chan 2] Max packet out: 32768 bytes
DEB [20181116-06:53:27.961] thr=1   paramiko.transport: Secsh channel 2 opened.
DEB [20181116-06:53:27.999] thr=1   paramiko.transport: [chan 2] Sesch channel 2 request ok
DEB [20181116-06:53:28.402] thr=2   paramiko.transport: [chan 3] Max packet in: 32768 bytes
DEB [20181116-06:53:28.402] thr=1   paramiko.transport: [chan 2] EOF received (2)
DEB [20181116-06:53:28.403] thr=1   paramiko.transport: [chan 2] EOF sent (2)
DEB [20181116-06:53:28.403] thr=1   paramiko.transport: [chan 3] Max packet out: 32768 bytes
DEB [20181116-06:53:28.403] thr=1   paramiko.transport: Secsh channel 3 opened.
DEB [20181116-06:53:28.443] thr=1   paramiko.transport: [chan 3] Sesch channel 3 request ok
DEB [20181116-06:53:28.458] thr=1   paramiko.transport: [chan 3] EOF received (3)
DEB [20181116-06:53:28.459] thr=1   paramiko.transport: [chan 3] EOF sent (3)
DEB [20181116-06:53:28.459] thr=2   paramiko.transport: [chan 4] Max packet in: 32768 bytes
DEB [20181116-06:53:28.497] thr=1   paramiko.transport: [chan 4] Max packet out: 32768 bytes
DEB [20181116-06:53:28.498] thr=1   paramiko.transport: Secsh channel 4 opened.
DEB [20181116-06:53:28.499] thr=1   paramiko.transport: [chan 4] Sesch channel 4 request ok
DEB [20181116-06:53:28.513] thr=1   paramiko.transport: [chan 4] EOF received (4)
DEB [20181116-06:53:28.514] thr=1   paramiko.transport: [chan 4] EOF sent (4)
DEB [20181116-06:53:28.514] thr=2   paramiko.transport: [chan 5] Max packet in: 32768 bytes
DEB [20181116-06:53:28.554] thr=1   paramiko.transport: [chan 5] Max packet out: 32768 bytes
DEB [20181116-06:53:28.554] thr=1   paramiko.transport: Secsh channel 5 opened.
DEB [20181116-06:53:28.555] thr=1   paramiko.transport: [chan 5] Sesch channel 5 request ok
DEB [20181116-06:53:28.569] thr=1   paramiko.transport: [chan 5] EOF received (5)
DEB [20181116-06:53:28.569] thr=1   paramiko.transport: [chan 5] EOF sent (5)
DEB [20181116-06:53:28.570] thr=2   paramiko.transport: [chan 6] Max packet in: 32768 bytes
DEB [20181116-06:53:28.610] thr=1   paramiko.transport: [chan 6] Max packet out: 32768 bytes
DEB [20181116-06:53:28.610] thr=1   paramiko.transport: Secsh channel 6 opened.
DEB [20181116-06:53:28.611] thr=1   paramiko.transport: [chan 6] Sesch channel 6 request ok
DEB [20181116-06:53:29.677] thr=1   paramiko.transport: [chan 6] EOF received (6)
DEB [20181116-06:53:29.677] thr=1   paramiko.transport: [chan 6] EOF sent (6)
DEB [20181116-06:53:29.779] thr=1   paramiko.transport: EOF in transport thread
DEB [20181116-07:03:01.531] thr=1   paramiko.transport: starting thread (client mode): 0x3fafc6a0
DEB [20181116-07:03:01.531] thr=1   paramiko.transport: Local version/idstring: SSH-2.0-paramiko_2.4.2
DEB [20181116-07:03:01.538] thr=1   paramiko.transport: Remote version/idstring: SSH-2.0-OpenSSH_6.6.1
INF [20181116-07:03:01.538] thr=1   paramiko.transport: Connected (version 2.0, client OpenSSH_6.6.1)
DEB [20181116-07:03:01.539] thr=1   paramiko.transport: kex algos:['curve25519-sha256@libssh.org', 'ecdh-sha2-nistp256', 'ecdh-sha2-nistp384', 'ecdh-sha2-nistp521', 'diffie-hellman-group-exchange-sha256', 'diffie-hellman-group-exchange-sha1', 'diffie-hellman-group14-sha1', 'diffie-hellman-group1-sha1'] server key:['ssh-rsa', 'ecdsa-sha2-nistp256', 'ssh-ed25519'] client encrypt:['aes128-ctr', 'aes192-ctr', 'aes256-ctr', 'arcfour256', 'arcfour128', 'aes128-gcm@openssh.com', 'aes256-gcm@openssh.com', 'chacha20-poly1305@openssh.com', 'aes128-cbc', '3des-cbc', 'blowfish-cbc', 'cast128-cbc', 'aes192-cbc', 'aes256-cbc', 'arcfour', 'rijndael-cbc@lysator.liu.se'] server encrypt:['aes128-ctr', 'aes192-ctr', 'aes256-ctr', 'arcfour256', 'arcfour128', 'aes128-gcm@openssh.com', 'aes256-gcm@openssh.com', 'chacha20-poly1305@openssh.com', 'aes128-cbc', '3des-cbc', 'blowfish-cbc', 'cast128-cbc', 'aes192-cbc', 'aes256-cbc', 'arcfour', 'rijndael-cbc@lysator.liu.se'] client mac:['hmac-md5-etm@openssh.com', 'hmac-sha1-etm@openssh.com', 'umac-64-etm@openssh.com', 'umac-128-etm@openssh.com', 'hmac-sha2-256-etm@openssh.com', 'hmac-sha2-512-etm@openssh.com', 'hmac-ripemd160-etm@openssh.com', 'hmac-sha1-96-etm@openssh.com', 'hmac-md5-96-etm@openssh.com', 'hmac-md5', 'hmac-sha1', 'umac-64@openssh.com', 'umac-128@openssh.com', 'hmac-sha2-256', 'hmac-sha2-512', 'hmac-ripemd160', 'hmac-ripemd160@openssh.com', 'hmac-sha1-96', 'hmac-md5-96'] server mac:['hmac-md5-etm@openssh.com', 'hmac-sha1-etm@openssh.com', 'umac-64-etm@openssh.com', 'umac-128-etm@openssh.com', 'hmac-sha2-256-etm@openssh.com', 'hmac-sha2-512-etm@openssh.com', 'hmac-ripemd160-etm@openssh.com', 'hmac-sha1-96-etm@openssh.com', 'hmac-md5-96-etm@openssh.com', 'hmac-md5', 'hmac-sha1', 'umac-64@openssh.com', 'umac-128@openssh.com', 'hmac-sha2-256', 'hmac-sha2-512', 'hmac-ripemd160', 'hmac-ripemd160@openssh.com', 'hmac-sha1-96', 'hmac-md5-96'] client compress:['none', 'zlib@openssh.com'] server compress:['none', 'zlib@openssh.com'] client lang:[''] server lang:[''] kex follows?False
DEB [20181116-07:03:01.540] thr=1   paramiko.transport: Kex agreed: ecdh-sha2-nistp256
DEB [20181116-07:03:01.540] thr=1   paramiko.transport: HostKey agreed: ssh-ed25519
DEB [20181116-07:03:01.540] thr=1   paramiko.transport: Cipher agreed: aes128-ctr
DEB [20181116-07:03:01.540] thr=1   paramiko.transport: MAC agreed: hmac-sha2-256
DEB [20181116-07:03:01.540] thr=1   paramiko.transport: Compression agreed: none
DEB [20181116-07:03:01.566] thr=1   paramiko.transport: kex engine KexNistp256 specified hash_algo <built-in function openssl_sha256>
DEB [20181116-07:03:01.567] thr=1   paramiko.transport: Switch to new keys ...
DEB [20181116-07:03:01.567] thr=2   paramiko.transport: Adding ssh-ed25519 host key for 172.20.4.131: b'25eb9e43697d2dea5a2a3e1be4e7ca91'
DEB [20181116-07:03:01.604] thr=1   paramiko.transport: userauth is OK
INF [20181116-07:03:01.650] thr=1   paramiko.transport: Authentication (password) successful!
DEB [20181116-07:03:01.650] thr=2   paramiko.transport: [chan 0] Max packet in: 32768 bytes
DEB [20181116-07:03:01.654] thr=1   paramiko.transport: [chan 0] Max packet out: 32768 bytes
DEB [20181116-07:03:01.654] thr=1   paramiko.transport: Secsh channel 0 opened.
DEB [20181116-07:03:01.656] thr=1   paramiko.transport: [chan 0] Sesch channel 0 request ok
DEB [20181116-07:03:01.670] thr=1   paramiko.transport: [chan 0] EOF received (0)
DEB [20181116-07:03:01.670] thr=1   paramiko.transport: [chan 0] EOF sent (0)
DEB [20181116-07:03:01.670] thr=2   paramiko.transport: [chan 1] Max packet in: 32768 bytes
DEB [20181116-07:03:01.708] thr=1   paramiko.transport: [chan 1] Max packet out: 32768 bytes
DEB [20181116-07:03:01.708] thr=1   paramiko.transport: Secsh channel 1 opened.
DEB [20181116-07:03:01.710] thr=1   paramiko.transport: [chan 1] Sesch channel 1 request ok
DEB [20181116-07:03:01.724] thr=1   paramiko.transport: [chan 1] EOF received (1)
DEB [20181116-07:03:01.724] thr=2   paramiko.transport: [chan 2] Max packet in: 32768 bytes
DEB [20181116-07:03:01.724] thr=1   paramiko.transport: [chan 1] EOF sent (1)
DEB [20181116-07:03:01.725] thr=1   paramiko.transport: [chan 2] Max packet out: 32768 bytes
DEB [20181116-07:03:01.725] thr=1   paramiko.transport: Secsh channel 2 opened.
DEB [20181116-07:03:01.766] thr=1   paramiko.transport: [chan 2] Sesch channel 2 request ok
DEB [20181116-07:03:02.511] thr=2   paramiko.transport: [chan 3] Max packet in: 32768 bytes
DEB [20181116-07:03:02.511] thr=1   paramiko.transport: [chan 2] EOF received (2)
DEB [20181116-07:03:02.511] thr=1   paramiko.transport: [chan 2] EOF sent (2)
DEB [20181116-07:03:02.511] thr=1   paramiko.transport: [chan 3] Max packet out: 32768 bytes
DEB [20181116-07:03:02.511] thr=1   paramiko.transport: Secsh channel 3 opened.
DEB [20181116-07:03:02.550] thr=1   paramiko.transport: [chan 3] Sesch channel 3 request ok
DEB [20181116-07:03:02.565] thr=1   paramiko.transport: [chan 3] EOF received (3)
DEB [20181116-07:03:02.565] thr=2   paramiko.transport: [chan 4] Max packet in: 32768 bytes
DEB [20181116-07:03:02.566] thr=1   paramiko.transport: [chan 3] EOF sent (3)
DEB [20181116-07:03:02.566] thr=1   paramiko.transport: [chan 4] Max packet out: 32768 bytes
DEB [20181116-07:03:02.566] thr=1   paramiko.transport: Secsh channel 4 opened.
DEB [20181116-07:03:02.606] thr=1   paramiko.transport: [chan 4] Sesch channel 4 request ok
DEB [20181116-07:03:02.620] thr=1   paramiko.transport: [chan 4] EOF received (4)
DEB [20181116-07:03:02.620] thr=2   paramiko.transport: [chan 5] Max packet in: 32768 bytes
DEB [20181116-07:03:02.620] thr=1   paramiko.transport: [chan 4] EOF sent (4)
DEB [20181116-07:03:02.620] thr=1   paramiko.transport: [chan 5] Max packet out: 32768 bytes
DEB [20181116-07:03:02.621] thr=1   paramiko.transport: Secsh channel 5 opened.
DEB [20181116-07:03:02.662] thr=1   paramiko.transport: [chan 5] Sesch channel 5 request ok
DEB [20181116-07:03:02.675] thr=1   paramiko.transport: [chan 5] EOF received (5)
DEB [20181116-07:03:02.676] thr=1   paramiko.transport: [chan 5] EOF sent (5)
DEB [20181116-07:03:02.676] thr=2   paramiko.transport: [chan 6] Max packet in: 32768 bytes
DEB [20181116-07:03:02.716] thr=1   paramiko.transport: [chan 6] Max packet out: 32768 bytes
DEB [20181116-07:03:02.717] thr=1   paramiko.transport: Secsh channel 6 opened.
DEB [20181116-07:03:02.718] thr=1   paramiko.transport: [chan 6] Sesch channel 6 request ok
DEB [20181116-07:03:04.534] thr=1   paramiko.transport: [chan 6] EOF received (6)
DEB [20181116-07:03:04.535] thr=1   paramiko.transport: [chan 6] EOF sent (6)
DEB [20181116-07:03:04.636] thr=1   paramiko.transport: EOF in transport thread
DEB [20210311-10:39:40.957] thr=1   paramiko.transport: starting thread (client mode): 0xd80ff0f0
DEB [20210311-10:39:40.979] thr=1   paramiko.transport: Local version/idstring: SSH-2.0-paramiko_2.4.2
ERR [20210311-10:39:56.020] thr=1   paramiko.transport: Exception: Error reading SSH protocol banner[WinError 10054] An existing connection was forcibly closed by the remote host
ERR [20210311-10:39:56.077] thr=1   paramiko.transport: Traceback (most recent call last):
ERR [20210311-10:39:56.077] thr=1   paramiko.transport:   File "E:\Security-Centric\latest_version\securitycentric_api\env\lib\site-packages\paramiko\transport.py", line 2138, in _check_banner
ERR [20210311-10:39:56.077] thr=1   paramiko.transport:     buf = self.packetizer.readline(timeout)
ERR [20210311-10:39:56.077] thr=1   paramiko.transport:   File "E:\Security-Centric\latest_version\securitycentric_api\env\lib\site-packages\paramiko\packet.py", line 367, in readline
ERR [20210311-10:39:56.077] thr=1   paramiko.transport:     buf += self._read_timeout(timeout)
ERR [20210311-10:39:56.077] thr=1   paramiko.transport:   File "E:\Security-Centric\latest_version\securitycentric_api\env\lib\site-packages\paramiko\packet.py", line 561, in _read_timeout
ERR [20210311-10:39:56.077] thr=1   paramiko.transport:     x = self.__socket.recv(128)
ERR [20210311-10:39:56.077] thr=1   paramiko.transport: ConnectionResetError: [WinError 10054] An existing connection was forcibly closed by the remote host
ERR [20210311-10:39:56.077] thr=1   paramiko.transport: 
ERR [20210311-10:39:56.077] thr=1   paramiko.transport: During handling of the above exception, another exception occurred:
ERR [20210311-10:39:56.077] thr=1   paramiko.transport: 
ERR [20210311-10:39:56.078] thr=1   paramiko.transport: Traceback (most recent call last):
ERR [20210311-10:39:56.078] thr=1   paramiko.transport:   File "E:\Security-Centric\latest_version\securitycentric_api\env\lib\site-packages\paramiko\transport.py", line 1966, in run
ERR [20210311-10:39:56.078] thr=1   paramiko.transport:     self._check_banner()
ERR [20210311-10:39:56.078] thr=1   paramiko.transport:   File "E:\Security-Centric\latest_version\securitycentric_api\env\lib\site-packages\paramiko\transport.py", line 2143, in _check_banner
ERR [20210311-10:39:56.078] thr=1   paramiko.transport:     "Error reading SSH protocol banner" + str(e)
ERR [20210311-10:39:56.078] thr=1   paramiko.transport: paramiko.ssh_exception.SSHException: Error reading SSH protocol banner[WinError 10054] An existing connection was forcibly closed by the remote host
ERR [20210311-10:39:56.078] thr=1   paramiko.transport: 
DEB [20210311-10:40:41.388] thr=1   paramiko.transport: starting thread (client mode): 0x6d0490b8
DEB [20210311-10:40:41.388] thr=1   paramiko.transport: Local version/idstring: SSH-2.0-paramiko_2.4.2
DEB [20210311-10:40:43.499] thr=1   paramiko.transport: starting thread (client mode): 0xba38cdd8
DEB [20210311-10:40:43.499] thr=1   paramiko.transport: Local version/idstring: SSH-2.0-paramiko_2.4.2
DEB [20210311-10:40:51.368] thr=2   paramiko.transport: starting thread (client mode): 0x6d071898
DEB [20210311-10:40:51.368] thr=2   paramiko.transport: Local version/idstring: SSH-2.0-paramiko_2.4.2
DEB [20210311-10:40:53.478] thr=2   paramiko.transport: starting thread (client mode): 0xba3a3710
DEB [20210311-10:40:53.479] thr=2   paramiko.transport: Local version/idstring: SSH-2.0-paramiko_2.4.2
ERR [20210311-10:40:56.465] thr=1   paramiko.transport: Exception: Error reading SSH protocol banner
ERR [20210311-10:40:56.466] thr=1   paramiko.transport: Traceback (most recent call last):
ERR [20210311-10:40:56.466] thr=1   paramiko.transport:   File "E:\Security-Centric\latest_version\securitycentric_api\env\lib\site-packages\paramiko\transport.py", line 2138, in _check_banner
ERR [20210311-10:40:56.466] thr=1   paramiko.transport:     buf = self.packetizer.readline(timeout)
ERR [20210311-10:40:56.466] thr=1   paramiko.transport:   File "E:\Security-Centric\latest_version\securitycentric_api\env\lib\site-packages\paramiko\packet.py", line 367, in readline
ERR [20210311-10:40:56.466] thr=1   paramiko.transport:     buf += self._read_timeout(timeout)
ERR [20210311-10:40:56.466] thr=1   paramiko.transport:   File "E:\Security-Centric\latest_version\securitycentric_api\env\lib\site-packages\paramiko\packet.py", line 576, in _read_timeout
ERR [20210311-10:40:56.466] thr=1   paramiko.transport:     raise socket.timeout()
ERR [20210311-10:40:56.466] thr=1   paramiko.transport: socket.timeout
ERR [20210311-10:40:56.467] thr=1   paramiko.transport: 
ERR [20210311-10:40:56.467] thr=1   paramiko.transport: During handling of the above exception, another exception occurred:
ERR [20210311-10:40:56.467] thr=1   paramiko.transport: 
ERR [20210311-10:40:56.467] thr=1   paramiko.transport: Traceback (most recent call last):
ERR [20210311-10:40:56.467] thr=1   paramiko.transport:   File "E:\Security-Centric\latest_version\securitycentric_api\env\lib\site-packages\paramiko\transport.py", line 1966, in run
ERR [20210311-10:40:56.467] thr=1   paramiko.transport:     self._check_banner()
ERR [20210311-10:40:56.467] thr=1   paramiko.transport:   File "E:\Security-Centric\latest_version\securitycentric_api\env\lib\site-packages\paramiko\transport.py", line 2143, in _check_banner
ERR [20210311-10:40:56.467] thr=1   paramiko.transport:     "Error reading SSH protocol banner" + str(e)
ERR [20210311-10:40:56.467] thr=1   paramiko.transport: paramiko.ssh_exception.SSHException: Error reading SSH protocol banner
ERR [20210311-10:40:56.467] thr=1   paramiko.transport: 
ERR [20210311-10:40:58.549] thr=1   paramiko.transport: Exception: Error reading SSH protocol banner[WinError 10054] An existing connection was forcibly closed by the remote host
ERR [20210311-10:40:58.550] thr=1   paramiko.transport: Traceback (most recent call last):
ERR [20210311-10:40:58.551] thr=1   paramiko.transport:   File "E:\Security-Centric\latest_version\securitycentric_api\env\lib\site-packages\paramiko\transport.py", line 2138, in _check_banner
ERR [20210311-10:40:58.551] thr=1   paramiko.transport:     buf = self.packetizer.readline(timeout)
ERR [20210311-10:40:58.551] thr=1   paramiko.transport:   File "E:\Security-Centric\latest_version\securitycentric_api\env\lib\site-packages\paramiko\packet.py", line 367, in readline
ERR [20210311-10:40:58.551] thr=1   paramiko.transport:     buf += self._read_timeout(timeout)
ERR [20210311-10:40:58.551] thr=1   paramiko.transport:   File "E:\Security-Centric\latest_version\securitycentric_api\env\lib\site-packages\paramiko\packet.py", line 561, in _read_timeout
ERR [20210311-10:40:58.551] thr=1   paramiko.transport:     x = self.__socket.recv(128)
ERR [20210311-10:40:58.551] thr=1   paramiko.transport: ConnectionResetError: [WinError 10054] An existing connection was forcibly closed by the remote host
ERR [20210311-10:40:58.551] thr=1   paramiko.transport: 
ERR [20210311-10:40:58.551] thr=1   paramiko.transport: During handling of the above exception, another exception occurred:
ERR [20210311-10:40:58.551] thr=1   paramiko.transport: 
ERR [20210311-10:40:58.551] thr=1   paramiko.transport: Traceback (most recent call last):
ERR [20210311-10:40:58.551] thr=1   paramiko.transport:   File "E:\Security-Centric\latest_version\securitycentric_api\env\lib\site-packages\paramiko\transport.py", line 1966, in run
ERR [20210311-10:40:58.551] thr=1   paramiko.transport:     self._check_banner()
ERR [20210311-10:40:58.551] thr=1   paramiko.transport:   File "E:\Security-Centric\latest_version\securitycentric_api\env\lib\site-packages\paramiko\transport.py", line 2143, in _check_banner
ERR [20210311-10:40:58.551] thr=1   paramiko.transport:     "Error reading SSH protocol banner" + str(e)
ERR [20210311-10:40:58.551] thr=1   paramiko.transport: paramiko.ssh_exception.SSHException: Error reading SSH protocol banner[WinError 10054] An existing connection was forcibly closed by the remote host
ERR [20210311-10:40:58.551] thr=1   paramiko.transport: 
DEB [20210311-10:41:03.452] thr=3   paramiko.transport: starting thread (client mode): 0xba38cc18
DEB [20210311-10:41:03.453] thr=3   paramiko.transport: Local version/idstring: SSH-2.0-paramiko_2.4.2
ERR [20210311-10:41:06.439] thr=2   paramiko.transport: Exception: Error reading SSH protocol banner
ERR [20210311-10:41:06.439] thr=2   paramiko.transport: Traceback (most recent call last):
ERR [20210311-10:41:06.439] thr=2   paramiko.transport:   File "E:\Security-Centric\latest_version\securitycentric_api\env\lib\site-packages\paramiko\transport.py", line 2138, in _check_banner
ERR [20210311-10:41:06.439] thr=2   paramiko.transport:     buf = self.packetizer.readline(timeout)
ERR [20210311-10:41:06.439] thr=2   paramiko.transport:   File "E:\Security-Centric\latest_version\securitycentric_api\env\lib\site-packages\paramiko\packet.py", line 367, in readline
ERR [20210311-10:41:06.439] thr=2   paramiko.transport:     buf += self._read_timeout(timeout)
ERR [20210311-10:41:06.439] thr=2   paramiko.transport:   File "E:\Security-Centric\latest_version\securitycentric_api\env\lib\site-packages\paramiko\packet.py", line 576, in _read_timeout
ERR [20210311-10:41:06.439] thr=2   paramiko.transport:     raise socket.timeout()
ERR [20210311-10:41:06.439] thr=2   paramiko.transport: socket.timeout
ERR [20210311-10:41:06.439] thr=2   paramiko.transport: 
ERR [20210311-10:41:06.440] thr=2   paramiko.transport: During handling of the above exception, another exception occurred:
ERR [20210311-10:41:06.440] thr=2   paramiko.transport: 
ERR [20210311-10:41:06.440] thr=2   paramiko.transport: Traceback (most recent call last):
ERR [20210311-10:41:06.440] thr=2   paramiko.transport:   File "E:\Security-Centric\latest_version\securitycentric_api\env\lib\site-packages\paramiko\transport.py", line 1966, in run
ERR [20210311-10:41:06.440] thr=2   paramiko.transport:     self._check_banner()
ERR [20210311-10:41:06.440] thr=2   paramiko.transport:   File "E:\Security-Centric\latest_version\securitycentric_api\env\lib\site-packages\paramiko\transport.py", line 2143, in _check_banner
ERR [20210311-10:41:06.440] thr=2   paramiko.transport:     "Error reading SSH protocol banner" + str(e)
ERR [20210311-10:41:06.440] thr=2   paramiko.transport: paramiko.ssh_exception.SSHException: Error reading SSH protocol banner
ERR [20210311-10:41:06.440] thr=2   paramiko.transport: 
ERR [20210311-10:41:08.554] thr=2   paramiko.transport: Exception: Error reading SSH protocol banner
ERR [20210311-10:41:08.554] thr=2   paramiko.transport: Traceback (most recent call last):
ERR [20210311-10:41:08.555] thr=2   paramiko.transport:   File "E:\Security-Centric\latest_version\securitycentric_api\env\lib\site-packages\paramiko\transport.py", line 2138, in _check_banner
ERR [20210311-10:41:08.555] thr=2   paramiko.transport:     buf = self.packetizer.readline(timeout)
ERR [20210311-10:41:08.555] thr=2   paramiko.transport:   File "E:\Security-Centric\latest_version\securitycentric_api\env\lib\site-packages\paramiko\packet.py", line 367, in readline
ERR [20210311-10:41:08.556] thr=2   paramiko.transport:     buf += self._read_timeout(timeout)
ERR [20210311-10:41:08.556] thr=2   paramiko.transport:   File "E:\Security-Centric\latest_version\securitycentric_api\env\lib\site-packages\paramiko\packet.py", line 576, in _read_timeout
ERR [20210311-10:41:08.556] thr=2   paramiko.transport:     raise socket.timeout()
ERR [20210311-10:41:08.556] thr=2   paramiko.transport: socket.timeout
ERR [20210311-10:41:08.556] thr=2   paramiko.transport: 
ERR [20210311-10:41:08.557] thr=2   paramiko.transport: During handling of the above exception, another exception occurred:
ERR [20210311-10:41:08.557] thr=2   paramiko.transport: 
ERR [20210311-10:41:08.557] thr=2   paramiko.transport: Traceback (most recent call last):
ERR [20210311-10:41:08.557] thr=2   paramiko.transport:   File "E:\Security-Centric\latest_version\securitycentric_api\env\lib\site-packages\paramiko\transport.py", line 1966, in run
ERR [20210311-10:41:08.557] thr=2   paramiko.transport:     self._check_banner()
ERR [20210311-10:41:08.558] thr=2   paramiko.transport:   File "E:\Security-Centric\latest_version\securitycentric_api\env\lib\site-packages\paramiko\transport.py", line 2143, in _check_banner
ERR [20210311-10:41:08.558] thr=2   paramiko.transport:     "Error reading SSH protocol banner" + str(e)
ERR [20210311-10:41:08.558] thr=2   paramiko.transport: paramiko.ssh_exception.SSHException: Error reading SSH protocol banner
ERR [20210311-10:41:08.558] thr=2   paramiko.transport: 
DEB [20210311-10:41:11.375] thr=3   paramiko.transport: starting thread (client mode): 0x6d07f198
DEB [20210311-10:41:11.376] thr=3   paramiko.transport: Local version/idstring: SSH-2.0-paramiko_2.4.2
DEB [20210311-10:41:13.429] thr=4   paramiko.transport: starting thread (client mode): 0xba25e208
DEB [20210311-10:41:13.431] thr=4   paramiko.transport: Local version/idstring: SSH-2.0-paramiko_2.4.2
ERR [20210311-10:41:18.527] thr=3   paramiko.transport: Exception: Error reading SSH protocol banner
ERR [20210311-10:41:18.527] thr=3   paramiko.transport: Traceback (most recent call last):
ERR [20210311-10:41:18.527] thr=3   paramiko.transport:   File "E:\Security-Centric\latest_version\securitycentric_api\env\lib\site-packages\paramiko\transport.py", line 2138, in _check_banner
ERR [20210311-10:41:18.527] thr=3   paramiko.transport:     buf = self.packetizer.readline(timeout)
ERR [20210311-10:41:18.527] thr=3   paramiko.transport:   File "E:\Security-Centric\latest_version\securitycentric_api\env\lib\site-packages\paramiko\packet.py", line 367, in readline
ERR [20210311-10:41:18.527] thr=3   paramiko.transport:     buf += self._read_timeout(timeout)
ERR [20210311-10:41:18.527] thr=3   paramiko.transport:   File "E:\Security-Centric\latest_version\securitycentric_api\env\lib\site-packages\paramiko\packet.py", line 576, in _read_timeout
ERR [20210311-10:41:18.527] thr=3   paramiko.transport:     raise socket.timeout()
ERR [20210311-10:41:18.527] thr=3   paramiko.transport: socket.timeout
ERR [20210311-10:41:18.528] thr=3   paramiko.transport: 
ERR [20210311-10:41:18.528] thr=3   paramiko.transport: During handling of the above exception, another exception occurred:
ERR [20210311-10:41:18.528] thr=3   paramiko.transport: 
ERR [20210311-10:41:18.528] thr=3   paramiko.transport: Traceback (most recent call last):
ERR [20210311-10:41:18.528] thr=3   paramiko.transport:   File "E:\Security-Centric\latest_version\securitycentric_api\env\lib\site-packages\paramiko\transport.py", line 1966, in run
ERR [20210311-10:41:18.528] thr=3   paramiko.transport:     self._check_banner()
ERR [20210311-10:41:18.528] thr=3   paramiko.transport:   File "E:\Security-Centric\latest_version\securitycentric_api\env\lib\site-packages\paramiko\transport.py", line 2143, in _check_banner
ERR [20210311-10:41:18.528] thr=3   paramiko.transport:     "Error reading SSH protocol banner" + str(e)
ERR [20210311-10:41:18.528] thr=3   paramiko.transport: paramiko.ssh_exception.SSHException: Error reading SSH protocol banner
ERR [20210311-10:41:18.528] thr=3   paramiko.transport: 
DEB [20210311-10:41:21.390] thr=4   paramiko.transport: starting thread (client mode): 0x6d0859b0
DEB [20210311-10:41:21.391] thr=4   paramiko.transport: Local version/idstring: SSH-2.0-paramiko_2.4.2
DEB [20210311-10:41:23.450] thr=5   paramiko.transport: starting thread (client mode): 0xba39f748
DEB [20210311-10:41:23.451] thr=5   paramiko.transport: Local version/idstring: SSH-2.0-paramiko_2.4.2
ERR [20210311-10:41:26.454] thr=3   paramiko.transport: Exception: Error reading SSH protocol banner
ERR [20210311-10:41:26.454] thr=3   paramiko.transport: Traceback (most recent call last):
ERR [20210311-10:41:26.454] thr=3   paramiko.transport:   File "E:\Security-Centric\latest_version\securitycentric_api\env\lib\site-packages\paramiko\transport.py", line 2138, in _check_banner
ERR [20210311-10:41:26.454] thr=3   paramiko.transport:     buf = self.packetizer.readline(timeout)
ERR [20210311-10:41:26.454] thr=3   paramiko.transport:   File "E:\Security-Centric\latest_version\securitycentric_api\env\lib\site-packages\paramiko\packet.py", line 367, in readline
ERR [20210311-10:41:26.454] thr=3   paramiko.transport:     buf += self._read_timeout(timeout)
ERR [20210311-10:41:26.454] thr=3   paramiko.transport:   File "E:\Security-Centric\latest_version\securitycentric_api\env\lib\site-packages\paramiko\packet.py", line 576, in _read_timeout
ERR [20210311-10:41:26.455] thr=3   paramiko.transport:     raise socket.timeout()
ERR [20210311-10:41:26.455] thr=3   paramiko.transport: socket.timeout
ERR [20210311-10:41:26.455] thr=3   paramiko.transport: 
ERR [20210311-10:41:26.455] thr=3   paramiko.transport: During handling of the above exception, another exception occurred:
ERR [20210311-10:41:26.455] thr=3   paramiko.transport: 
ERR [20210311-10:41:26.455] thr=3   paramiko.transport: Traceback (most recent call last):
ERR [20210311-10:41:26.455] thr=3   paramiko.transport:   File "E:\Security-Centric\latest_version\securitycentric_api\env\lib\site-packages\paramiko\transport.py", line 1966, in run
ERR [20210311-10:41:26.455] thr=3   paramiko.transport:     self._check_banner()
ERR [20210311-10:41:26.455] thr=3   paramiko.transport:   File "E:\Security-Centric\latest_version\securitycentric_api\env\lib\site-packages\paramiko\transport.py", line 2143, in _check_banner
ERR [20210311-10:41:26.455] thr=3   paramiko.transport:     "Error reading SSH protocol banner" + str(e)
ERR [20210311-10:41:26.455] thr=3   paramiko.transport: paramiko.ssh_exception.SSHException: Error reading SSH protocol banner
ERR [20210311-10:41:26.455] thr=3   paramiko.transport: 
ERR [20210311-10:41:28.517] thr=4   paramiko.transport: Exception: Error reading SSH protocol banner
ERR [20210311-10:41:28.517] thr=4   paramiko.transport: Traceback (most recent call last):
ERR [20210311-10:41:28.517] thr=4   paramiko.transport:   File "E:\Security-Centric\latest_version\securitycentric_api\env\lib\site-packages\paramiko\transport.py", line 2138, in _check_banner
ERR [20210311-10:41:28.517] thr=4   paramiko.transport:     buf = self.packetizer.readline(timeout)
ERR [20210311-10:41:28.517] thr=4   paramiko.transport:   File "E:\Security-Centric\latest_version\securitycentric_api\env\lib\site-packages\paramiko\packet.py", line 367, in readline
ERR [20210311-10:41:28.517] thr=4   paramiko.transport:     buf += self._read_timeout(timeout)
ERR [20210311-10:41:28.517] thr=4   paramiko.transport:   File "E:\Security-Centric\latest_version\securitycentric_api\env\lib\site-packages\paramiko\packet.py", line 576, in _read_timeout
ERR [20210311-10:41:28.518] thr=4   paramiko.transport:     raise socket.timeout()
ERR [20210311-10:41:28.518] thr=4   paramiko.transport: socket.timeout
ERR [20210311-10:41:28.518] thr=4   paramiko.transport: 
ERR [20210311-10:41:28.518] thr=4   paramiko.transport: During handling of the above exception, another exception occurred:
ERR [20210311-10:41:28.518] thr=4   paramiko.transport: 
ERR [20210311-10:41:28.518] thr=4   paramiko.transport: Traceback (most recent call last):
ERR [20210311-10:41:28.518] thr=4   paramiko.transport:   File "E:\Security-Centric\latest_version\securitycentric_api\env\lib\site-packages\paramiko\transport.py", line 1966, in run
ERR [20210311-10:41:28.518] thr=4   paramiko.transport:     self._check_banner()
ERR [20210311-10:41:28.518] thr=4   paramiko.transport:   File "E:\Security-Centric\latest_version\securitycentric_api\env\lib\site-packages\paramiko\transport.py", line 2143, in _check_banner
ERR [20210311-10:41:28.518] thr=4   paramiko.transport:     "Error reading SSH protocol banner" + str(e)
ERR [20210311-10:41:28.518] thr=4   paramiko.transport: paramiko.ssh_exception.SSHException: Error reading SSH protocol banner
ERR [20210311-10:41:28.518] thr=4   paramiko.transport: 
DEB [20210311-10:41:31.359] thr=5   paramiko.transport: starting thread (client mode): 0x6d049668
DEB [20210311-10:41:31.359] thr=5   paramiko.transport: Local version/idstring: SSH-2.0-paramiko_2.4.2
DEB [20210311-10:41:33.449] thr=6   paramiko.transport: starting thread (client mode): 0xba2b09b0
DEB [20210311-10:41:33.449] thr=6   paramiko.transport: Local version/idstring: SSH-2.0-paramiko_2.4.2
ERR [20210311-10:41:36.459] thr=4   paramiko.transport: Exception: Error reading SSH protocol banner[WinError 10054] An existing connection was forcibly closed by the remote host
ERR [20210311-10:41:36.459] thr=4   paramiko.transport: Traceback (most recent call last):
ERR [20210311-10:41:36.460] thr=4   paramiko.transport:   File "E:\Security-Centric\latest_version\securitycentric_api\env\lib\site-packages\paramiko\transport.py", line 2138, in _check_banner
ERR [20210311-10:41:36.460] thr=4   paramiko.transport:     buf = self.packetizer.readline(timeout)
ERR [20210311-10:41:36.460] thr=4   paramiko.transport:   File "E:\Security-Centric\latest_version\securitycentric_api\env\lib\site-packages\paramiko\packet.py", line 367, in readline
ERR [20210311-10:41:36.460] thr=4   paramiko.transport:     buf += self._read_timeout(timeout)
ERR [20210311-10:41:36.460] thr=4   paramiko.transport:   File "E:\Security-Centric\latest_version\securitycentric_api\env\lib\site-packages\paramiko\packet.py", line 561, in _read_timeout
ERR [20210311-10:41:36.460] thr=4   paramiko.transport:     x = self.__socket.recv(128)
ERR [20210311-10:41:36.460] thr=4   paramiko.transport: ConnectionResetError: [WinError 10054] An existing connection was forcibly closed by the remote host
ERR [20210311-10:41:36.460] thr=4   paramiko.transport: 
ERR [20210311-10:41:36.461] thr=4   paramiko.transport: During handling of the above exception, another exception occurred:
ERR [20210311-10:41:36.461] thr=4   paramiko.transport: 
ERR [20210311-10:41:36.461] thr=4   paramiko.transport: Traceback (most recent call last):
ERR [20210311-10:41:36.461] thr=4   paramiko.transport:   File "E:\Security-Centric\latest_version\securitycentric_api\env\lib\site-packages\paramiko\transport.py", line 1966, in run
ERR [20210311-10:41:36.461] thr=4   paramiko.transport:     self._check_banner()
ERR [20210311-10:41:36.461] thr=4   paramiko.transport:   File "E:\Security-Centric\latest_version\securitycentric_api\env\lib\site-packages\paramiko\transport.py", line 2143, in _check_banner
ERR [20210311-10:41:36.461] thr=4   paramiko.transport:     "Error reading SSH protocol banner" + str(e)
ERR [20210311-10:41:36.461] thr=4   paramiko.transport: paramiko.ssh_exception.SSHException: Error reading SSH protocol banner[WinError 10054] An existing connection was forcibly closed by the remote host
ERR [20210311-10:41:36.461] thr=4   paramiko.transport: 
ERR [20210311-10:41:38.531] thr=5   paramiko.transport: Exception: Error reading SSH protocol banner
ERR [20210311-10:41:38.531] thr=5   paramiko.transport: Traceback (most recent call last):
ERR [20210311-10:41:38.531] thr=5   paramiko.transport:   File "E:\Security-Centric\latest_version\securitycentric_api\env\lib\site-packages\paramiko\transport.py", line 2138, in _check_banner
ERR [20210311-10:41:38.531] thr=5   paramiko.transport:     buf = self.packetizer.readline(timeout)
ERR [20210311-10:41:38.531] thr=5   paramiko.transport:   File "E:\Security-Centric\latest_version\securitycentric_api\env\lib\site-packages\paramiko\packet.py", line 367, in readline
ERR [20210311-10:41:38.531] thr=5   paramiko.transport:     buf += self._read_timeout(timeout)
ERR [20210311-10:41:38.531] thr=5   paramiko.transport:   File "E:\Security-Centric\latest_version\securitycentric_api\env\lib\site-packages\paramiko\packet.py", line 576, in _read_timeout
ERR [20210311-10:41:38.531] thr=5   paramiko.transport:     raise socket.timeout()
ERR [20210311-10:41:38.531] thr=5   paramiko.transport: socket.timeout
ERR [20210311-10:41:38.531] thr=5   paramiko.transport: 
ERR [20210311-10:41:38.531] thr=5   paramiko.transport: During handling of the above exception, another exception occurred:
ERR [20210311-10:41:38.532] thr=5   paramiko.transport: 
ERR [20210311-10:41:38.532] thr=5   paramiko.transport: Traceback (most recent call last):
ERR [20210311-10:41:38.532] thr=5   paramiko.transport:   File "E:\Security-Centric\latest_version\securitycentric_api\env\lib\site-packages\paramiko\transport.py", line 1966, in run
ERR [20210311-10:41:38.532] thr=5   paramiko.transport:     self._check_banner()
ERR [20210311-10:41:38.532] thr=5   paramiko.transport:   File "E:\Security-Centric\latest_version\securitycentric_api\env\lib\site-packages\paramiko\transport.py", line 2143, in _check_banner
ERR [20210311-10:41:38.532] thr=5   paramiko.transport:     "Error reading SSH protocol banner" + str(e)
ERR [20210311-10:41:38.532] thr=5   paramiko.transport: paramiko.ssh_exception.SSHException: Error reading SSH protocol banner
ERR [20210311-10:41:38.532] thr=5   paramiko.transport: 
DEB [20210311-10:41:41.360] thr=6   paramiko.transport: starting thread (client mode): 0x6d071438
DEB [20210311-10:41:41.361] thr=6   paramiko.transport: Local version/idstring: SSH-2.0-paramiko_2.4.2
DEB [20210311-10:41:43.458] thr=7   paramiko.transport: starting thread (client mode): 0xba2ffda0
DEB [20210311-10:41:43.459] thr=7   paramiko.transport: Local version/idstring: SSH-2.0-paramiko_2.4.2
ERR [20210311-10:41:46.427] thr=5   paramiko.transport: Exception: Error reading SSH protocol banner
ERR [20210311-10:41:46.428] thr=5   paramiko.transport: Traceback (most recent call last):
ERR [20210311-10:41:46.429] thr=5   paramiko.transport:   File "E:\Security-Centric\latest_version\securitycentric_api\env\lib\site-packages\paramiko\transport.py", line 2138, in _check_banner
ERR [20210311-10:41:46.429] thr=5   paramiko.transport:     buf = self.packetizer.readline(timeout)
ERR [20210311-10:41:46.429] thr=5   paramiko.transport:   File "E:\Security-Centric\latest_version\securitycentric_api\env\lib\site-packages\paramiko\packet.py", line 367, in readline
ERR [20210311-10:41:46.429] thr=5   paramiko.transport:     buf += self._read_timeout(timeout)
ERR [20210311-10:41:46.430] thr=5   paramiko.transport:   File "E:\Security-Centric\latest_version\securitycentric_api\env\lib\site-packages\paramiko\packet.py", line 576, in _read_timeout
ERR [20210311-10:41:46.430] thr=5   paramiko.transport:     raise socket.timeout()
ERR [20210311-10:41:46.430] thr=5   paramiko.transport: socket.timeout
ERR [20210311-10:41:46.430] thr=5   paramiko.transport: 
ERR [20210311-10:41:46.431] thr=5   paramiko.transport: During handling of the above exception, another exception occurred:
ERR [20210311-10:41:46.431] thr=5   paramiko.transport: 
ERR [20210311-10:41:46.431] thr=5   paramiko.transport: Traceback (most recent call last):
ERR [20210311-10:41:46.431] thr=5   paramiko.transport:   File "E:\Security-Centric\latest_version\securitycentric_api\env\lib\site-packages\paramiko\transport.py", line 1966, in run
ERR [20210311-10:41:46.431] thr=5   paramiko.transport:     self._check_banner()
ERR [20210311-10:41:46.432] thr=5   paramiko.transport:   File "E:\Security-Centric\latest_version\securitycentric_api\env\lib\site-packages\paramiko\transport.py", line 2143, in _check_banner
ERR [20210311-10:41:46.432] thr=5   paramiko.transport:     "Error reading SSH protocol banner" + str(e)
ERR [20210311-10:41:46.432] thr=5   paramiko.transport: paramiko.ssh_exception.SSHException: Error reading SSH protocol banner
ERR [20210311-10:41:46.432] thr=5   paramiko.transport: 
ERR [20210311-10:41:48.522] thr=6   paramiko.transport: Exception: Error reading SSH protocol banner
ERR [20210311-10:41:48.523] thr=6   paramiko.transport: Traceback (most recent call last):
ERR [20210311-10:41:48.524] thr=6   paramiko.transport:   File "E:\Security-Centric\latest_version\securitycentric_api\env\lib\site-packages\paramiko\transport.py", line 2138, in _check_banner
ERR [20210311-10:41:48.524] thr=6   paramiko.transport:     buf = self.packetizer.readline(timeout)
ERR [20210311-10:41:48.524] thr=6   paramiko.transport:   File "E:\Security-Centric\latest_version\securitycentric_api\env\lib\site-packages\paramiko\packet.py", line 367, in readline
ERR [20210311-10:41:48.524] thr=6   paramiko.transport:     buf += self._read_timeout(timeout)
ERR [20210311-10:41:48.525] thr=6   paramiko.transport:   File "E:\Security-Centric\latest_version\securitycentric_api\env\lib\site-packages\paramiko\packet.py", line 576, in _read_timeout
ERR [20210311-10:41:48.525] thr=6   paramiko.transport:     raise socket.timeout()
ERR [20210311-10:41:48.525] thr=6   paramiko.transport: socket.timeout
ERR [20210311-10:41:48.525] thr=6   paramiko.transport: 
ERR [20210311-10:41:48.525] thr=6   paramiko.transport: During handling of the above exception, another exception occurred:
ERR [20210311-10:41:48.526] thr=6   paramiko.transport: 
ERR [20210311-10:41:48.526] thr=6   paramiko.transport: Traceback (most recent call last):
ERR [20210311-10:41:48.526] thr=6   paramiko.transport:   File "E:\Security-Centric\latest_version\securitycentric_api\env\lib\site-packages\paramiko\transport.py", line 1966, in run
ERR [20210311-10:41:48.526] thr=6   paramiko.transport:     self._check_banner()
ERR [20210311-10:41:48.527] thr=6   paramiko.transport:   File "E:\Security-Centric\latest_version\securitycentric_api\env\lib\site-packages\paramiko\transport.py", line 2143, in _check_banner
ERR [20210311-10:41:48.527] thr=6   paramiko.transport:     "Error reading SSH protocol banner" + str(e)
ERR [20210311-10:41:48.527] thr=6   paramiko.transport: paramiko.ssh_exception.SSHException: Error reading SSH protocol banner
ERR [20210311-10:41:48.527] thr=6   paramiko.transport: 
DEB [20210311-10:41:51.371] thr=7   paramiko.transport: starting thread (client mode): 0x6d07fa58
DEB [20210311-10:41:51.372] thr=7   paramiko.transport: Local version/idstring: SSH-2.0-paramiko_2.4.2
DEB [20210311-10:41:53.440] thr=8   paramiko.transport: starting thread (client mode): 0xba1e77b8
DEB [20210311-10:41:53.441] thr=8   paramiko.transport: Local version/idstring: SSH-2.0-paramiko_2.4.2
ERR [20210311-10:41:56.435] thr=6   paramiko.transport: Exception: Error reading SSH protocol banner[WinError 10054] An existing connection was forcibly closed by the remote host
ERR [20210311-10:41:56.435] thr=6   paramiko.transport: Traceback (most recent call last):
ERR [20210311-10:41:56.435] thr=6   paramiko.transport:   File "E:\Security-Centric\latest_version\securitycentric_api\env\lib\site-packages\paramiko\transport.py", line 2138, in _check_banner
ERR [20210311-10:41:56.435] thr=6   paramiko.transport:     buf = self.packetizer.readline(timeout)
ERR [20210311-10:41:56.435] thr=6   paramiko.transport:   File "E:\Security-Centric\latest_version\securitycentric_api\env\lib\site-packages\paramiko\packet.py", line 367, in readline
ERR [20210311-10:41:56.435] thr=6   paramiko.transport:     buf += self._read_timeout(timeout)
ERR [20210311-10:41:56.435] thr=6   paramiko.transport:   File "E:\Security-Centric\latest_version\securitycentric_api\env\lib\site-packages\paramiko\packet.py", line 561, in _read_timeout
ERR [20210311-10:41:56.435] thr=6   paramiko.transport:     x = self.__socket.recv(128)
ERR [20210311-10:41:56.435] thr=6   paramiko.transport: ConnectionResetError: [WinError 10054] An existing connection was forcibly closed by the remote host
ERR [20210311-10:41:56.435] thr=6   paramiko.transport: 
ERR [20210311-10:41:56.435] thr=6   paramiko.transport: During handling of the above exception, another exception occurred:
ERR [20210311-10:41:56.435] thr=6   paramiko.transport: 
ERR [20210311-10:41:56.435] thr=6   paramiko.transport: Traceback (most recent call last):
ERR [20210311-10:41:56.435] thr=6   paramiko.transport:   File "E:\Security-Centric\latest_version\securitycentric_api\env\lib\site-packages\paramiko\transport.py", line 1966, in run
ERR [20210311-10:41:56.435] thr=6   paramiko.transport:     self._check_banner()
ERR [20210311-10:41:56.436] thr=6   paramiko.transport:   File "E:\Security-Centric\latest_version\securitycentric_api\env\lib\site-packages\paramiko\transport.py", line 2143, in _check_banner
ERR [20210311-10:41:56.436] thr=6   paramiko.transport:     "Error reading SSH protocol banner" + str(e)
ERR [20210311-10:41:56.436] thr=6   paramiko.transport: paramiko.ssh_exception.SSHException: Error reading SSH protocol banner[WinError 10054] An existing connection was forcibly closed by the remote host
ERR [20210311-10:41:56.436] thr=6   paramiko.transport: 
ERR [20210311-10:41:58.525] thr=7   paramiko.transport: Exception: Error reading SSH protocol banner
ERR [20210311-10:41:58.525] thr=7   paramiko.transport: Traceback (most recent call last):
ERR [20210311-10:41:58.525] thr=7   paramiko.transport:   File "E:\Security-Centric\latest_version\securitycentric_api\env\lib\site-packages\paramiko\transport.py", line 2138, in _check_banner
ERR [20210311-10:41:58.525] thr=7   paramiko.transport:     buf = self.packetizer.readline(timeout)
ERR [20210311-10:41:58.525] thr=7   paramiko.transport:   File "E:\Security-Centric\latest_version\securitycentric_api\env\lib\site-packages\paramiko\packet.py", line 367, in readline
ERR [20210311-10:41:58.525] thr=7   paramiko.transport:     buf += self._read_timeout(timeout)
ERR [20210311-10:41:58.525] thr=7   paramiko.transport:   File "E:\Security-Centric\latest_version\securitycentric_api\env\lib\site-packages\paramiko\packet.py", line 576, in _read_timeout
ERR [20210311-10:41:58.525] thr=7   paramiko.transport:     raise socket.timeout()
ERR [20210311-10:41:58.525] thr=7   paramiko.transport: socket.timeout
ERR [20210311-10:41:58.525] thr=7   paramiko.transport: 
ERR [20210311-10:41:58.525] thr=7   paramiko.transport: During handling of the above exception, another exception occurred:
ERR [20210311-10:41:58.525] thr=7   paramiko.transport: 
ERR [20210311-10:41:58.525] thr=7   paramiko.transport: Traceback (most recent call last):
ERR [20210311-10:41:58.525] thr=7   paramiko.transport:   File "E:\Security-Centric\latest_version\securitycentric_api\env\lib\site-packages\paramiko\transport.py", line 1966, in run
ERR [20210311-10:41:58.525] thr=7   paramiko.transport:     self._check_banner()
ERR [20210311-10:41:58.525] thr=7   paramiko.transport:   File "E:\Security-Centric\latest_version\securitycentric_api\env\lib\site-packages\paramiko\transport.py", line 2143, in _check_banner
ERR [20210311-10:41:58.525] thr=7   paramiko.transport:     "Error reading SSH protocol banner" + str(e)
ERR [20210311-10:41:58.525] thr=7   paramiko.transport: paramiko.ssh_exception.SSHException: Error reading SSH protocol banner
ERR [20210311-10:41:58.525] thr=7   paramiko.transport: 
DEB [20210311-10:42:01.368] thr=8   paramiko.transport: starting thread (client mode): 0x6d071748
DEB [20210311-10:42:01.368] thr=8   paramiko.transport: Local version/idstring: SSH-2.0-paramiko_2.4.2
ERR [20210311-10:42:03.703] thr=8   paramiko.transport: Exception: Error reading SSH protocol banner[WinError 10038] An operation was attempted on something that is not a socket
ERR [20210311-10:42:06.455] thr=7   paramiko.transport: Exception: Error reading SSH protocol banner
ERR [20210311-10:42:06.456] thr=7   paramiko.transport: Traceback (most recent call last):
ERR [20210311-10:42:06.456] thr=7   paramiko.transport:   File "E:\Security-Centric\latest_version\securitycentric_api\env\lib\site-packages\paramiko\transport.py", line 2138, in _check_banner
ERR [20210311-10:42:06.457] thr=7   paramiko.transport:     buf = self.packetizer.readline(timeout)
ERR [20210311-10:42:06.457] thr=7   paramiko.transport:   File "E:\Security-Centric\latest_version\securitycentric_api\env\lib\site-packages\paramiko\packet.py", line 367, in readline
ERR [20210311-10:42:06.457] thr=7   paramiko.transport:     buf += self._read_timeout(timeout)
ERR [20210311-10:42:06.457] thr=7   paramiko.transport:   File "E:\Security-Centric\latest_version\securitycentric_api\env\lib\site-packages\paramiko\packet.py", line 576, in _read_timeout
ERR [20210311-10:42:06.458] thr=7   paramiko.transport:     raise socket.timeout()
ERR [20210311-10:42:06.458] thr=7   paramiko.transport: socket.timeout
ERR [20210311-10:42:06.458] thr=7   paramiko.transport: 
ERR [20210311-10:42:06.458] thr=7   paramiko.transport: During handling of the above exception, another exception occurred:
ERR [20210311-10:42:06.458] thr=7   paramiko.transport: 
ERR [20210311-10:42:06.459] thr=7   paramiko.transport: Traceback (most recent call last):
ERR [20210311-10:42:06.459] thr=7   paramiko.transport:   File "E:\Security-Centric\latest_version\securitycentric_api\env\lib\site-packages\paramiko\transport.py", line 1966, in run
ERR [20210311-10:42:06.459] thr=7   paramiko.transport:     self._check_banner()
ERR [20210311-10:42:06.459] thr=7   paramiko.transport:   File "E:\Security-Centric\latest_version\securitycentric_api\env\lib\site-packages\paramiko\transport.py", line 2143, in _check_banner
ERR [20210311-10:42:06.459] thr=7   paramiko.transport:     "Error reading SSH protocol banner" + str(e)
ERR [20210311-10:42:06.459] thr=7   paramiko.transport: paramiko.ssh_exception.SSHException: Error reading SSH protocol banner
ERR [20210311-10:42:06.459] thr=7   paramiko.transport: 
ERR [20210311-10:42:16.443] thr=8   paramiko.transport: Exception: Error reading SSH protocol banner[WinError 10054] An existing connection was forcibly closed by the remote host
ERR [20210311-10:42:16.445] thr=8   paramiko.transport: Traceback (most recent call last):
ERR [20210311-10:42:16.445] thr=8   paramiko.transport:   File "E:\Security-Centric\latest_version\securitycentric_api\env\lib\site-packages\paramiko\transport.py", line 2138, in _check_banner
ERR [20210311-10:42:16.445] thr=8   paramiko.transport:     buf = self.packetizer.readline(timeout)
ERR [20210311-10:42:16.446] thr=8   paramiko.transport:   File "E:\Security-Centric\latest_version\securitycentric_api\env\lib\site-packages\paramiko\packet.py", line 367, in readline
ERR [20210311-10:42:16.446] thr=8   paramiko.transport:     buf += self._read_timeout(timeout)
ERR [20210311-10:42:16.446] thr=8   paramiko.transport:   File "E:\Security-Centric\latest_version\securitycentric_api\env\lib\site-packages\paramiko\packet.py", line 561, in _read_timeout
ERR [20210311-10:42:16.446] thr=8   paramiko.transport:     x = self.__socket.recv(128)
ERR [20210311-10:42:16.446] thr=8   paramiko.transport: ConnectionResetError: [WinError 10054] An existing connection was forcibly closed by the remote host
ERR [20210311-10:42:16.447] thr=8   paramiko.transport: 
ERR [20210311-10:42:16.447] thr=8   paramiko.transport: During handling of the above exception, another exception occurred:
ERR [20210311-10:42:16.447] thr=8   paramiko.transport: 
ERR [20210311-10:42:16.447] thr=8   paramiko.transport: Traceback (most recent call last):
ERR [20210311-10:42:16.447] thr=8   paramiko.transport:   File "E:\Security-Centric\latest_version\securitycentric_api\env\lib\site-packages\paramiko\transport.py", line 1966, in run
ERR [20210311-10:42:16.448] thr=8   paramiko.transport:     self._check_banner()
ERR [20210311-10:42:16.448] thr=8   paramiko.transport:   File "E:\Security-Centric\latest_version\securitycentric_api\env\lib\site-packages\paramiko\transport.py", line 2143, in _check_banner
ERR [20210311-10:42:16.448] thr=8   paramiko.transport:     "Error reading SSH protocol banner" + str(e)
ERR [20210311-10:42:16.448] thr=8   paramiko.transport: paramiko.ssh_exception.SSHException: Error reading SSH protocol banner[WinError 10054] An existing connection was forcibly closed by the remote host
ERR [20210311-10:42:16.448] thr=8   paramiko.transport: 
DEB [20210311-10:42:52.969] thr=1   paramiko.transport: starting thread (client mode): 0x60dc14e0
DEB [20210311-10:42:52.969] thr=1   paramiko.transport: Local version/idstring: SSH-2.0-paramiko_2.4.2
DEB [20210311-10:42:54.960] thr=1   paramiko.transport: starting thread (client mode): 0xed9bfc50
DEB [20210311-10:42:54.960] thr=1   paramiko.transport: Local version/idstring: SSH-2.0-paramiko_2.4.2
DEB [20210311-10:43:02.930] thr=2   paramiko.transport: starting thread (client mode): 0x60e9fc50
DEB [20210311-10:43:02.930] thr=2   paramiko.transport: Local version/idstring: SSH-2.0-paramiko_2.4.2
DEB [20210311-10:43:04.910] thr=2   paramiko.transport: starting thread (client mode): 0xedaabd68
DEB [20210311-10:43:04.910] thr=2   paramiko.transport: Local version/idstring: SSH-2.0-paramiko_2.4.2
ERR [20210311-10:43:08.046] thr=1   paramiko.transport: Exception: Error reading SSH protocol banner
ERR [20210311-10:43:08.048] thr=1   paramiko.transport: Traceback (most recent call last):
ERR [20210311-10:43:08.048] thr=1   paramiko.transport:   File "E:\Security-Centric\latest_version\securitycentric_api\env\lib\site-packages\paramiko\transport.py", line 2138, in _check_banner
ERR [20210311-10:43:08.048] thr=1   paramiko.transport:     buf = self.packetizer.readline(timeout)
ERR [20210311-10:43:08.049] thr=1   paramiko.transport:   File "E:\Security-Centric\latest_version\securitycentric_api\env\lib\site-packages\paramiko\packet.py", line 367, in readline
ERR [20210311-10:43:08.049] thr=1   paramiko.transport:     buf += self._read_timeout(timeout)
ERR [20210311-10:43:08.049] thr=1   paramiko.transport:   File "E:\Security-Centric\latest_version\securitycentric_api\env\lib\site-packages\paramiko\packet.py", line 576, in _read_timeout
ERR [20210311-10:43:08.049] thr=1   paramiko.transport:     raise socket.timeout()
ERR [20210311-10:43:08.049] thr=1   paramiko.transport: socket.timeout
ERR [20210311-10:43:08.049] thr=1   paramiko.transport: 
ERR [20210311-10:43:08.049] thr=1   paramiko.transport: During handling of the above exception, another exception occurred:
ERR [20210311-10:43:08.049] thr=1   paramiko.transport: 
ERR [20210311-10:43:08.049] thr=1   paramiko.transport: Traceback (most recent call last):
ERR [20210311-10:43:08.049] thr=1   paramiko.transport:   File "E:\Security-Centric\latest_version\securitycentric_api\env\lib\site-packages\paramiko\transport.py", line 1966, in run
ERR [20210311-10:43:08.049] thr=1   paramiko.transport:     self._check_banner()
ERR [20210311-10:43:08.049] thr=1   paramiko.transport:   File "E:\Security-Centric\latest_version\securitycentric_api\env\lib\site-packages\paramiko\transport.py", line 2143, in _check_banner
ERR [20210311-10:43:08.049] thr=1   paramiko.transport:     "Error reading SSH protocol banner" + str(e)
ERR [20210311-10:43:08.049] thr=1   paramiko.transport: paramiko.ssh_exception.SSHException: Error reading SSH protocol banner
ERR [20210311-10:43:08.049] thr=1   paramiko.transport: 
ERR [20210311-10:43:10.019] thr=1   paramiko.transport: Exception: Error reading SSH protocol banner[WinError 10054] An existing connection was forcibly closed by the remote host
ERR [20210311-10:43:10.020] thr=1   paramiko.transport: Traceback (most recent call last):
ERR [20210311-10:43:10.020] thr=1   paramiko.transport:   File "E:\Security-Centric\latest_version\securitycentric_api\env\lib\site-packages\paramiko\transport.py", line 2138, in _check_banner
ERR [20210311-10:43:10.020] thr=1   paramiko.transport:     buf = self.packetizer.readline(timeout)
ERR [20210311-10:43:10.020] thr=1   paramiko.transport:   File "E:\Security-Centric\latest_version\securitycentric_api\env\lib\site-packages\paramiko\packet.py", line 367, in readline
ERR [20210311-10:43:10.020] thr=1   paramiko.transport:     buf += self._read_timeout(timeout)
ERR [20210311-10:43:10.020] thr=1   paramiko.transport:   File "E:\Security-Centric\latest_version\securitycentric_api\env\lib\site-packages\paramiko\packet.py", line 561, in _read_timeout
ERR [20210311-10:43:10.020] thr=1   paramiko.transport:     x = self.__socket.recv(128)
ERR [20210311-10:43:10.021] thr=1   paramiko.transport: ConnectionResetError: [WinError 10054] An existing connection was forcibly closed by the remote host
ERR [20210311-10:43:10.021] thr=1   paramiko.transport: 
ERR [20210311-10:43:10.021] thr=1   paramiko.transport: During handling of the above exception, another exception occurred:
ERR [20210311-10:43:10.021] thr=1   paramiko.transport: 
ERR [20210311-10:43:10.021] thr=1   paramiko.transport: Traceback (most recent call last):
ERR [20210311-10:43:10.021] thr=1   paramiko.transport:   File "E:\Security-Centric\latest_version\securitycentric_api\env\lib\site-packages\paramiko\transport.py", line 1966, in run
ERR [20210311-10:43:10.021] thr=1   paramiko.transport:     self._check_banner()
ERR [20210311-10:43:10.021] thr=1   paramiko.transport:   File "E:\Security-Centric\latest_version\securitycentric_api\env\lib\site-packages\paramiko\transport.py", line 2143, in _check_banner
ERR [20210311-10:43:10.021] thr=1   paramiko.transport:     "Error reading SSH protocol banner" + str(e)
ERR [20210311-10:43:10.021] thr=1   paramiko.transport: paramiko.ssh_exception.SSHException: Error reading SSH protocol banner[WinError 10054] An existing connection was forcibly closed by the remote host
ERR [20210311-10:43:10.021] thr=1   paramiko.transport: 
DEB [20210311-10:43:12.939] thr=3   paramiko.transport: starting thread (client mode): 0x60eaaac8
DEB [20210311-10:43:12.939] thr=3   paramiko.transport: Local version/idstring: SSH-2.0-paramiko_2.4.2
DEB [20210311-10:43:14.884] thr=3   paramiko.transport: starting thread (client mode): 0xedab7ba8
DEB [20210311-10:43:14.884] thr=3   paramiko.transport: Local version/idstring: SSH-2.0-paramiko_2.4.2
ERR [20210311-10:43:18.007] thr=2   paramiko.transport: Exception: Error reading SSH protocol banner
ERR [20210311-10:43:18.007] thr=2   paramiko.transport: Traceback (most recent call last):
ERR [20210311-10:43:18.007] thr=2   paramiko.transport:   File "E:\Security-Centric\latest_version\securitycentric_api\env\lib\site-packages\paramiko\transport.py", line 2138, in _check_banner
ERR [20210311-10:43:18.007] thr=2   paramiko.transport:     buf = self.packetizer.readline(timeout)
ERR [20210311-10:43:18.007] thr=2   paramiko.transport:   File "E:\Security-Centric\latest_version\securitycentric_api\env\lib\site-packages\paramiko\packet.py", line 367, in readline
ERR [20210311-10:43:18.007] thr=2   paramiko.transport:     buf += self._read_timeout(timeout)
ERR [20210311-10:43:18.007] thr=2   paramiko.transport:   File "E:\Security-Centric\latest_version\securitycentric_api\env\lib\site-packages\paramiko\packet.py", line 576, in _read_timeout
ERR [20210311-10:43:18.007] thr=2   paramiko.transport:     raise socket.timeout()
ERR [20210311-10:43:18.007] thr=2   paramiko.transport: socket.timeout
ERR [20210311-10:43:18.007] thr=2   paramiko.transport: 
ERR [20210311-10:43:18.007] thr=2   paramiko.transport: During handling of the above exception, another exception occurred:
ERR [20210311-10:43:18.008] thr=2   paramiko.transport: 
ERR [20210311-10:43:18.008] thr=2   paramiko.transport: Traceback (most recent call last):
ERR [20210311-10:43:18.008] thr=2   paramiko.transport:   File "E:\Security-Centric\latest_version\securitycentric_api\env\lib\site-packages\paramiko\transport.py", line 1966, in run
ERR [20210311-10:43:18.008] thr=2   paramiko.transport:     self._check_banner()
ERR [20210311-10:43:18.008] thr=2   paramiko.transport:   File "E:\Security-Centric\latest_version\securitycentric_api\env\lib\site-packages\paramiko\transport.py", line 2143, in _check_banner
ERR [20210311-10:43:18.008] thr=2   paramiko.transport:     "Error reading SSH protocol banner" + str(e)
ERR [20210311-10:43:18.008] thr=2   paramiko.transport: paramiko.ssh_exception.SSHException: Error reading SSH protocol banner
ERR [20210311-10:43:18.008] thr=2   paramiko.transport: 
ERR [20210311-10:43:19.980] thr=2   paramiko.transport: Exception: Error reading SSH protocol banner
ERR [20210311-10:43:19.980] thr=2   paramiko.transport: Traceback (most recent call last):
ERR [20210311-10:43:19.980] thr=2   paramiko.transport:   File "E:\Security-Centric\latest_version\securitycentric_api\env\lib\site-packages\paramiko\transport.py", line 2138, in _check_banner
ERR [20210311-10:43:19.980] thr=2   paramiko.transport:     buf = self.packetizer.readline(timeout)
ERR [20210311-10:43:19.980] thr=2   paramiko.transport:   File "E:\Security-Centric\latest_version\securitycentric_api\env\lib\site-packages\paramiko\packet.py", line 367, in readline
ERR [20210311-10:43:19.980] thr=2   paramiko.transport:     buf += self._read_timeout(timeout)
ERR [20210311-10:43:19.981] thr=2   paramiko.transport:   File "E:\Security-Centric\latest_version\securitycentric_api\env\lib\site-packages\paramiko\packet.py", line 576, in _read_timeout
ERR [20210311-10:43:19.981] thr=2   paramiko.transport:     raise socket.timeout()
ERR [20210311-10:43:19.981] thr=2   paramiko.transport: socket.timeout
ERR [20210311-10:43:19.981] thr=2   paramiko.transport: 
ERR [20210311-10:43:19.981] thr=2   paramiko.transport: During handling of the above exception, another exception occurred:
ERR [20210311-10:43:19.981] thr=2   paramiko.transport: 
ERR [20210311-10:43:19.981] thr=2   paramiko.transport: Traceback (most recent call last):
ERR [20210311-10:43:19.981] thr=2   paramiko.transport:   File "E:\Security-Centric\latest_version\securitycentric_api\env\lib\site-packages\paramiko\transport.py", line 1966, in run
ERR [20210311-10:43:19.981] thr=2   paramiko.transport:     self._check_banner()
ERR [20210311-10:43:19.981] thr=2   paramiko.transport:   File "E:\Security-Centric\latest_version\securitycentric_api\env\lib\site-packages\paramiko\transport.py", line 2143, in _check_banner
ERR [20210311-10:43:19.981] thr=2   paramiko.transport:     "Error reading SSH protocol banner" + str(e)
ERR [20210311-10:43:19.981] thr=2   paramiko.transport: paramiko.ssh_exception.SSHException: Error reading SSH protocol banner
ERR [20210311-10:43:19.981] thr=2   paramiko.transport: 
DEB [20210311-10:43:22.951] thr=1   paramiko.transport: starting thread (client mode): 0x60dc14e0
DEB [20210311-10:43:22.952] thr=1   paramiko.transport: Local version/idstring: SSH-2.0-paramiko_2.4.2
DEB [20210311-10:43:24.902] thr=4   paramiko.transport: starting thread (client mode): 0xed9bfeb8
DEB [20210311-10:43:24.903] thr=4   paramiko.transport: Local version/idstring: SSH-2.0-paramiko_2.4.2
ERR [20210311-10:43:28.013] thr=3   paramiko.transport: Exception: Error reading SSH protocol banner
ERR [20210311-10:43:28.014] thr=3   paramiko.transport: Traceback (most recent call last):
ERR [20210311-10:43:28.014] thr=3   paramiko.transport:   File "E:\Security-Centric\latest_version\securitycentric_api\env\lib\site-packages\paramiko\transport.py", line 2138, in _check_banner
ERR [20210311-10:43:28.014] thr=3   paramiko.transport:     buf = self.packetizer.readline(timeout)
ERR [20210311-10:43:28.014] thr=3   paramiko.transport:   File "E:\Security-Centric\latest_version\securitycentric_api\env\lib\site-packages\paramiko\packet.py", line 367, in readline
ERR [20210311-10:43:28.014] thr=3   paramiko.transport:     buf += self._read_timeout(timeout)
ERR [20210311-10:43:28.014] thr=3   paramiko.transport:   File "E:\Security-Centric\latest_version\securitycentric_api\env\lib\site-packages\paramiko\packet.py", line 576, in _read_timeout
ERR [20210311-10:43:28.015] thr=3   paramiko.transport:     raise socket.timeout()
ERR [20210311-10:43:28.015] thr=3   paramiko.transport: socket.timeout
ERR [20210311-10:43:28.015] thr=3   paramiko.transport: 
ERR [20210311-10:43:28.015] thr=3   paramiko.transport: During handling of the above exception, another exception occurred:
ERR [20210311-10:43:28.015] thr=3   paramiko.transport: 
ERR [20210311-10:43:28.015] thr=3   paramiko.transport: Traceback (most recent call last):
ERR [20210311-10:43:28.015] thr=3   paramiko.transport:   File "E:\Security-Centric\latest_version\securitycentric_api\env\lib\site-packages\paramiko\transport.py", line 1966, in run
ERR [20210311-10:43:28.015] thr=3   paramiko.transport:     self._check_banner()
ERR [20210311-10:43:28.016] thr=3   paramiko.transport:   File "E:\Security-Centric\latest_version\securitycentric_api\env\lib\site-packages\paramiko\transport.py", line 2143, in _check_banner
ERR [20210311-10:43:28.016] thr=3   paramiko.transport:     "Error reading SSH protocol banner" + str(e)
ERR [20210311-10:43:28.016] thr=3   paramiko.transport: paramiko.ssh_exception.SSHException: Error reading SSH protocol banner
ERR [20210311-10:43:28.016] thr=3   paramiko.transport: 
ERR [20210311-10:43:29.964] thr=3   paramiko.transport: Exception: Error reading SSH protocol banner
ERR [20210311-10:43:29.964] thr=3   paramiko.transport: Traceback (most recent call last):
ERR [20210311-10:43:29.964] thr=3   paramiko.transport:   File "E:\Security-Centric\latest_version\securitycentric_api\env\lib\site-packages\paramiko\transport.py", line 2138, in _check_banner
ERR [20210311-10:43:29.964] thr=3   paramiko.transport:     buf = self.packetizer.readline(timeout)
ERR [20210311-10:43:29.964] thr=3   paramiko.transport:   File "E:\Security-Centric\latest_version\securitycentric_api\env\lib\site-packages\paramiko\packet.py", line 367, in readline
ERR [20210311-10:43:29.964] thr=3   paramiko.transport:     buf += self._read_timeout(timeout)
ERR [20210311-10:43:29.964] thr=3   paramiko.transport:   File "E:\Security-Centric\latest_version\securitycentric_api\env\lib\site-packages\paramiko\packet.py", line 576, in _read_timeout
ERR [20210311-10:43:29.964] thr=3   paramiko.transport:     raise socket.timeout()
ERR [20210311-10:43:29.964] thr=3   paramiko.transport: socket.timeout
ERR [20210311-10:43:29.964] thr=3   paramiko.transport: 
ERR [20210311-10:43:29.965] thr=3   paramiko.transport: During handling of the above exception, another exception occurred:
ERR [20210311-10:43:29.965] thr=3   paramiko.transport: 
ERR [20210311-10:43:29.965] thr=3   paramiko.transport: Traceback (most recent call last):
ERR [20210311-10:43:29.965] thr=3   paramiko.transport:   File "E:\Security-Centric\latest_version\securitycentric_api\env\lib\site-packages\paramiko\transport.py", line 1966, in run
ERR [20210311-10:43:29.965] thr=3   paramiko.transport:     self._check_banner()
ERR [20210311-10:43:29.965] thr=3   paramiko.transport:   File "E:\Security-Centric\latest_version\securitycentric_api\env\lib\site-packages\paramiko\transport.py", line 2143, in _check_banner
ERR [20210311-10:43:29.965] thr=3   paramiko.transport:     "Error reading SSH protocol banner" + str(e)
ERR [20210311-10:43:29.965] thr=3   paramiko.transport: paramiko.ssh_exception.SSHException: Error reading SSH protocol banner
ERR [20210311-10:43:29.965] thr=3   paramiko.transport: 
DEB [20210311-10:43:32.960] thr=4   paramiko.transport: starting thread (client mode): 0x60f04f28
DEB [20210311-10:43:32.961] thr=4   paramiko.transport: Local version/idstring: SSH-2.0-paramiko_2.4.2
DEB [20210311-10:43:34.879] thr=5   paramiko.transport: starting thread (client mode): 0xedb0df28
DEB [20210311-10:43:34.879] thr=5   paramiko.transport: Local version/idstring: SSH-2.0-paramiko_2.4.2
ERR [20210311-10:43:38.028] thr=1   paramiko.transport: Exception: Error reading SSH protocol banner
ERR [20210311-10:43:38.028] thr=1   paramiko.transport: Traceback (most recent call last):
ERR [20210311-10:43:38.028] thr=1   paramiko.transport:   File "E:\Security-Centric\latest_version\securitycentric_api\env\lib\site-packages\paramiko\transport.py", line 2138, in _check_banner
ERR [20210311-10:43:38.028] thr=1   paramiko.transport:     buf = self.packetizer.readline(timeout)
ERR [20210311-10:43:38.028] thr=1   paramiko.transport:   File "E:\Security-Centric\latest_version\securitycentric_api\env\lib\site-packages\paramiko\packet.py", line 367, in readline
ERR [20210311-10:43:38.028] thr=1   paramiko.transport:     buf += self._read_timeout(timeout)
ERR [20210311-10:43:38.029] thr=1   paramiko.transport:   File "E:\Security-Centric\latest_version\securitycentric_api\env\lib\site-packages\paramiko\packet.py", line 576, in _read_timeout
ERR [20210311-10:43:38.029] thr=1   paramiko.transport:     raise socket.timeout()
ERR [20210311-10:43:38.029] thr=1   paramiko.transport: socket.timeout
ERR [20210311-10:43:38.029] thr=1   paramiko.transport: 
ERR [20210311-10:43:38.029] thr=1   paramiko.transport: During handling of the above exception, another exception occurred:
ERR [20210311-10:43:38.029] thr=1   paramiko.transport: 
ERR [20210311-10:43:38.029] thr=1   paramiko.transport: Traceback (most recent call last):
ERR [20210311-10:43:38.029] thr=1   paramiko.transport:   File "E:\Security-Centric\latest_version\securitycentric_api\env\lib\site-packages\paramiko\transport.py", line 1966, in run
ERR [20210311-10:43:38.029] thr=1   paramiko.transport:     self._check_banner()
ERR [20210311-10:43:38.029] thr=1   paramiko.transport:   File "E:\Security-Centric\latest_version\securitycentric_api\env\lib\site-packages\paramiko\transport.py", line 2143, in _check_banner
ERR [20210311-10:43:38.029] thr=1   paramiko.transport:     "Error reading SSH protocol banner" + str(e)
ERR [20210311-10:43:38.029] thr=1   paramiko.transport: paramiko.ssh_exception.SSHException: Error reading SSH protocol banner
ERR [20210311-10:43:38.029] thr=1   paramiko.transport: 
ERR [20210311-10:43:39.984] thr=4   paramiko.transport: Exception: Error reading SSH protocol banner
ERR [20210311-10:43:39.984] thr=4   paramiko.transport: Traceback (most recent call last):
ERR [20210311-10:43:39.984] thr=4   paramiko.transport:   File "E:\Security-Centric\latest_version\securitycentric_api\env\lib\site-packages\paramiko\transport.py", line 2138, in _check_banner
ERR [20210311-10:43:39.984] thr=4   paramiko.transport:     buf = self.packetizer.readline(timeout)
ERR [20210311-10:43:39.984] thr=4   paramiko.transport:   File "E:\Security-Centric\latest_version\securitycentric_api\env\lib\site-packages\paramiko\packet.py", line 367, in readline
ERR [20210311-10:43:39.984] thr=4   paramiko.transport:     buf += self._read_timeout(timeout)
ERR [20210311-10:43:39.984] thr=4   paramiko.transport:   File "E:\Security-Centric\latest_version\securitycentric_api\env\lib\site-packages\paramiko\packet.py", line 576, in _read_timeout
ERR [20210311-10:43:39.984] thr=4   paramiko.transport:     raise socket.timeout()
ERR [20210311-10:43:39.984] thr=4   paramiko.transport: socket.timeout
ERR [20210311-10:43:39.985] thr=4   paramiko.transport: 
ERR [20210311-10:43:39.985] thr=4   paramiko.transport: During handling of the above exception, another exception occurred:
ERR [20210311-10:43:39.985] thr=4   paramiko.transport: 
ERR [20210311-10:43:39.985] thr=4   paramiko.transport: Traceback (most recent call last):
ERR [20210311-10:43:39.985] thr=4   paramiko.transport:   File "E:\Security-Centric\latest_version\securitycentric_api\env\lib\site-packages\paramiko\transport.py", line 1966, in run
ERR [20210311-10:43:39.985] thr=4   paramiko.transport:     self._check_banner()
ERR [20210311-10:43:39.985] thr=4   paramiko.transport:   File "E:\Security-Centric\latest_version\securitycentric_api\env\lib\site-packages\paramiko\transport.py", line 2143, in _check_banner
ERR [20210311-10:43:39.985] thr=4   paramiko.transport:     "Error reading SSH protocol banner" + str(e)
ERR [20210311-10:43:39.985] thr=4   paramiko.transport: paramiko.ssh_exception.SSHException: Error reading SSH protocol banner
ERR [20210311-10:43:39.985] thr=4   paramiko.transport: 
DEB [20210311-10:43:42.950] thr=5   paramiko.transport: starting thread (client mode): 0x60eaae48
DEB [20210311-10:43:42.951] thr=5   paramiko.transport: Local version/idstring: SSH-2.0-paramiko_2.4.2
DEB [20210311-10:43:44.889] thr=6   paramiko.transport: starting thread (client mode): 0xedab7f98
DEB [20210311-10:43:44.889] thr=6   paramiko.transport: Local version/idstring: SSH-2.0-paramiko_2.4.2
ERR [20210311-10:43:48.036] thr=4   paramiko.transport: Exception: Error reading SSH protocol banner
ERR [20210311-10:43:48.037] thr=4   paramiko.transport: Traceback (most recent call last):
ERR [20210311-10:43:48.038] thr=4   paramiko.transport:   File "E:\Security-Centric\latest_version\securitycentric_api\env\lib\site-packages\paramiko\transport.py", line 2138, in _check_banner
ERR [20210311-10:43:48.038] thr=4   paramiko.transport:     buf = self.packetizer.readline(timeout)
ERR [20210311-10:43:48.038] thr=4   paramiko.transport:   File "E:\Security-Centric\latest_version\securitycentric_api\env\lib\site-packages\paramiko\packet.py", line 367, in readline
ERR [20210311-10:43:48.038] thr=4   paramiko.transport:     buf += self._read_timeout(timeout)
ERR [20210311-10:43:48.038] thr=4   paramiko.transport:   File "E:\Security-Centric\latest_version\securitycentric_api\env\lib\site-packages\paramiko\packet.py", line 576, in _read_timeout
ERR [20210311-10:43:48.039] thr=4   paramiko.transport:     raise socket.timeout()
ERR [20210311-10:43:48.039] thr=4   paramiko.transport: socket.timeout
ERR [20210311-10:43:48.039] thr=4   paramiko.transport: 
ERR [20210311-10:43:48.039] thr=4   paramiko.transport: During handling of the above exception, another exception occurred:
ERR [20210311-10:43:48.040] thr=4   paramiko.transport: 
ERR [20210311-10:43:48.040] thr=4   paramiko.transport: Traceback (most recent call last):
ERR [20210311-10:43:48.040] thr=4   paramiko.transport:   File "E:\Security-Centric\latest_version\securitycentric_api\env\lib\site-packages\paramiko\transport.py", line 1966, in run
ERR [20210311-10:43:48.040] thr=4   paramiko.transport:     self._check_banner()
ERR [20210311-10:43:48.041] thr=4   paramiko.transport:   File "E:\Security-Centric\latest_version\securitycentric_api\env\lib\site-packages\paramiko\transport.py", line 2143, in _check_banner
ERR [20210311-10:43:48.041] thr=4   paramiko.transport:     "Error reading SSH protocol banner" + str(e)
ERR [20210311-10:43:48.041] thr=4   paramiko.transport: paramiko.ssh_exception.SSHException: Error reading SSH protocol banner
ERR [20210311-10:43:48.041] thr=4   paramiko.transport: 
ERR [20210311-10:43:49.961] thr=5   paramiko.transport: Exception: Error reading SSH protocol banner
ERR [20210311-10:43:49.961] thr=5   paramiko.transport: Traceback (most recent call last):
ERR [20210311-10:43:49.961] thr=5   paramiko.transport:   File "E:\Security-Centric\latest_version\securitycentric_api\env\lib\site-packages\paramiko\transport.py", line 2138, in _check_banner
ERR [20210311-10:43:49.961] thr=5   paramiko.transport:     buf = self.packetizer.readline(timeout)
ERR [20210311-10:43:49.961] thr=5   paramiko.transport:   File "E:\Security-Centric\latest_version\securitycentric_api\env\lib\site-packages\paramiko\packet.py", line 367, in readline
ERR [20210311-10:43:49.961] thr=5   paramiko.transport:     buf += self._read_timeout(timeout)
ERR [20210311-10:43:49.961] thr=5   paramiko.transport:   File "E:\Security-Centric\latest_version\securitycentric_api\env\lib\site-packages\paramiko\packet.py", line 576, in _read_timeout
ERR [20210311-10:43:49.961] thr=5   paramiko.transport:     raise socket.timeout()
ERR [20210311-10:43:49.962] thr=5   paramiko.transport: socket.timeout
ERR [20210311-10:43:49.962] thr=5   paramiko.transport: 
ERR [20210311-10:43:49.962] thr=5   paramiko.transport: During handling of the above exception, another exception occurred:
ERR [20210311-10:43:49.962] thr=5   paramiko.transport: 
ERR [20210311-10:43:49.962] thr=5   paramiko.transport: Traceback (most recent call last):
ERR [20210311-10:43:49.962] thr=5   paramiko.transport:   File "E:\Security-Centric\latest_version\securitycentric_api\env\lib\site-packages\paramiko\transport.py", line 1966, in run
ERR [20210311-10:43:49.962] thr=5   paramiko.transport:     self._check_banner()
ERR [20210311-10:43:49.962] thr=5   paramiko.transport:   File "E:\Security-Centric\latest_version\securitycentric_api\env\lib\site-packages\paramiko\transport.py", line 2143, in _check_banner
ERR [20210311-10:43:49.962] thr=5   paramiko.transport:     "Error reading SSH protocol banner" + str(e)
ERR [20210311-10:43:49.962] thr=5   paramiko.transport: paramiko.ssh_exception.SSHException: Error reading SSH protocol banner
ERR [20210311-10:43:49.962] thr=5   paramiko.transport: 
DEB [20210311-10:43:52.930] thr=6   paramiko.transport: starting thread (client mode): 0x60e9f0f0
DEB [20210311-10:43:52.930] thr=6   paramiko.transport: Local version/idstring: SSH-2.0-paramiko_2.4.2
DEB [20210311-10:43:54.912] thr=7   paramiko.transport: starting thread (client mode): 0xedaab2e8
DEB [20210311-10:43:54.913] thr=7   paramiko.transport: Local version/idstring: SSH-2.0-paramiko_2.4.2
ERR [20210311-10:43:58.007] thr=5   paramiko.transport: Exception: Error reading SSH protocol banner[WinError 10054] An existing connection was forcibly closed by the remote host
ERR [20210311-10:43:58.008] thr=5   paramiko.transport: Traceback (most recent call last):
ERR [20210311-10:43:58.008] thr=5   paramiko.transport:   File "E:\Security-Centric\latest_version\securitycentric_api\env\lib\site-packages\paramiko\transport.py", line 2138, in _check_banner
ERR [20210311-10:43:58.009] thr=5   paramiko.transport:     buf = self.packetizer.readline(timeout)
ERR [20210311-10:43:58.009] thr=5   paramiko.transport:   File "E:\Security-Centric\latest_version\securitycentric_api\env\lib\site-packages\paramiko\packet.py", line 367, in readline
ERR [20210311-10:43:58.009] thr=5   paramiko.transport:     buf += self._read_timeout(timeout)
ERR [20210311-10:43:58.009] thr=5   paramiko.transport:   File "E:\Security-Centric\latest_version\securitycentric_api\env\lib\site-packages\paramiko\packet.py", line 561, in _read_timeout
ERR [20210311-10:43:58.009] thr=5   paramiko.transport:     x = self.__socket.recv(128)
ERR [20210311-10:43:58.010] thr=5   paramiko.transport: ConnectionResetError: [WinError 10054] An existing connection was forcibly closed by the remote host
ERR [20210311-10:43:58.010] thr=5   paramiko.transport: 
ERR [20210311-10:43:58.010] thr=5   paramiko.transport: During handling of the above exception, another exception occurred:
ERR [20210311-10:43:58.010] thr=5   paramiko.transport: 
ERR [20210311-10:43:58.011] thr=5   paramiko.transport: Traceback (most recent call last):
ERR [20210311-10:43:58.011] thr=5   paramiko.transport:   File "E:\Security-Centric\latest_version\securitycentric_api\env\lib\site-packages\paramiko\transport.py", line 1966, in run
ERR [20210311-10:43:58.011] thr=5   paramiko.transport:     self._check_banner()
ERR [20210311-10:43:58.011] thr=5   paramiko.transport:   File "E:\Security-Centric\latest_version\securitycentric_api\env\lib\site-packages\paramiko\transport.py", line 2143, in _check_banner
ERR [20210311-10:43:58.011] thr=5   paramiko.transport:     "Error reading SSH protocol banner" + str(e)
ERR [20210311-10:43:58.012] thr=5   paramiko.transport: paramiko.ssh_exception.SSHException: Error reading SSH protocol banner[WinError 10054] An existing connection was forcibly closed by the remote host
ERR [20210311-10:43:58.012] thr=5   paramiko.transport: 
ERR [20210311-10:43:59.963] thr=6   paramiko.transport: Exception: Error reading SSH protocol banner
ERR [20210311-10:43:59.963] thr=6   paramiko.transport: Traceback (most recent call last):
ERR [20210311-10:43:59.963] thr=6   paramiko.transport:   File "E:\Security-Centric\latest_version\securitycentric_api\env\lib\site-packages\paramiko\transport.py", line 2138, in _check_banner
ERR [20210311-10:43:59.963] thr=6   paramiko.transport:     buf = self.packetizer.readline(timeout)
ERR [20210311-10:43:59.963] thr=6   paramiko.transport:   File "E:\Security-Centric\latest_version\securitycentric_api\env\lib\site-packages\paramiko\packet.py", line 367, in readline
ERR [20210311-10:43:59.963] thr=6   paramiko.transport:     buf += self._read_timeout(timeout)
ERR [20210311-10:43:59.964] thr=6   paramiko.transport:   File "E:\Security-Centric\latest_version\securitycentric_api\env\lib\site-packages\paramiko\packet.py", line 576, in _read_timeout
ERR [20210311-10:43:59.964] thr=6   paramiko.transport:     raise socket.timeout()
ERR [20210311-10:43:59.964] thr=6   paramiko.transport: socket.timeout
ERR [20210311-10:43:59.964] thr=6   paramiko.transport: 
ERR [20210311-10:43:59.964] thr=6   paramiko.transport: During handling of the above exception, another exception occurred:
ERR [20210311-10:43:59.964] thr=6   paramiko.transport: 
ERR [20210311-10:43:59.964] thr=6   paramiko.transport: Traceback (most recent call last):
ERR [20210311-10:43:59.964] thr=6   paramiko.transport:   File "E:\Security-Centric\latest_version\securitycentric_api\env\lib\site-packages\paramiko\transport.py", line 1966, in run
ERR [20210311-10:43:59.964] thr=6   paramiko.transport:     self._check_banner()
ERR [20210311-10:43:59.964] thr=6   paramiko.transport:   File "E:\Security-Centric\latest_version\securitycentric_api\env\lib\site-packages\paramiko\transport.py", line 2143, in _check_banner
ERR [20210311-10:43:59.964] thr=6   paramiko.transport:     "Error reading SSH protocol banner" + str(e)
ERR [20210311-10:43:59.964] thr=6   paramiko.transport: paramiko.ssh_exception.SSHException: Error reading SSH protocol banner
ERR [20210311-10:43:59.964] thr=6   paramiko.transport: 
DEB [20210311-10:44:02.958] thr=7   paramiko.transport: starting thread (client mode): 0x60ea9f98
DEB [20210311-10:44:02.959] thr=7   paramiko.transport: Local version/idstring: SSH-2.0-paramiko_2.4.2
DEB [20210311-10:44:04.909] thr=8   paramiko.transport: starting thread (client mode): 0xedb0d160
DEB [20210311-10:44:04.910] thr=8   paramiko.transport: Local version/idstring: SSH-2.0-paramiko_2.4.2
ERR [20210311-10:44:07.986] thr=6   paramiko.transport: Exception: Error reading SSH protocol banner[WinError 10054] An existing connection was forcibly closed by the remote host
ERR [20210311-10:44:07.988] thr=6   paramiko.transport: Traceback (most recent call last):
ERR [20210311-10:44:07.988] thr=6   paramiko.transport:   File "E:\Security-Centric\latest_version\securitycentric_api\env\lib\site-packages\paramiko\transport.py", line 2138, in _check_banner
ERR [20210311-10:44:07.988] thr=6   paramiko.transport:     buf = self.packetizer.readline(timeout)
ERR [20210311-10:44:07.988] thr=6   paramiko.transport:   File "E:\Security-Centric\latest_version\securitycentric_api\env\lib\site-packages\paramiko\packet.py", line 367, in readline
ERR [20210311-10:44:07.989] thr=6   paramiko.transport:     buf += self._read_timeout(timeout)
ERR [20210311-10:44:07.989] thr=6   paramiko.transport:   File "E:\Security-Centric\latest_version\securitycentric_api\env\lib\site-packages\paramiko\packet.py", line 561, in _read_timeout
ERR [20210311-10:44:07.989] thr=6   paramiko.transport:     x = self.__socket.recv(128)
ERR [20210311-10:44:07.989] thr=6   paramiko.transport: ConnectionResetError: [WinError 10054] An existing connection was forcibly closed by the remote host
ERR [20210311-10:44:07.990] thr=6   paramiko.transport: 
ERR [20210311-10:44:07.990] thr=6   paramiko.transport: During handling of the above exception, another exception occurred:
ERR [20210311-10:44:07.990] thr=6   paramiko.transport: 
ERR [20210311-10:44:07.990] thr=6   paramiko.transport: Traceback (most recent call last):
ERR [20210311-10:44:07.991] thr=6   paramiko.transport:   File "E:\Security-Centric\latest_version\securitycentric_api\env\lib\site-packages\paramiko\transport.py", line 1966, in run
ERR [20210311-10:44:07.991] thr=6   paramiko.transport:     self._check_banner()
ERR [20210311-10:44:07.991] thr=6   paramiko.transport:   File "E:\Security-Centric\latest_version\securitycentric_api\env\lib\site-packages\paramiko\transport.py", line 2143, in _check_banner
ERR [20210311-10:44:07.991] thr=6   paramiko.transport:     "Error reading SSH protocol banner" + str(e)
ERR [20210311-10:44:07.992] thr=6   paramiko.transport: paramiko.ssh_exception.SSHException: Error reading SSH protocol banner[WinError 10054] An existing connection was forcibly closed by the remote host
ERR [20210311-10:44:07.992] thr=6   paramiko.transport: 
ERR [20210311-10:44:09.988] thr=7   paramiko.transport: Exception: Error reading SSH protocol banner
ERR [20210311-10:44:09.990] thr=7   paramiko.transport: Traceback (most recent call last):
ERR [20210311-10:44:09.990] thr=7   paramiko.transport:   File "E:\Security-Centric\latest_version\securitycentric_api\env\lib\site-packages\paramiko\transport.py", line 2138, in _check_banner
ERR [20210311-10:44:09.990] thr=7   paramiko.transport:     buf = self.packetizer.readline(timeout)
ERR [20210311-10:44:09.991] thr=7   paramiko.transport:   File "E:\Security-Centric\latest_version\securitycentric_api\env\lib\site-packages\paramiko\packet.py", line 367, in readline
ERR [20210311-10:44:09.991] thr=7   paramiko.transport:     buf += self._read_timeout(timeout)
ERR [20210311-10:44:09.991] thr=7   paramiko.transport:   File "E:\Security-Centric\latest_version\securitycentric_api\env\lib\site-packages\paramiko\packet.py", line 576, in _read_timeout
ERR [20210311-10:44:09.991] thr=7   paramiko.transport:     raise socket.timeout()
ERR [20210311-10:44:09.991] thr=7   paramiko.transport: socket.timeout
ERR [20210311-10:44:09.992] thr=7   paramiko.transport: 
ERR [20210311-10:44:09.992] thr=7   paramiko.transport: During handling of the above exception, another exception occurred:
ERR [20210311-10:44:09.992] thr=7   paramiko.transport: 
ERR [20210311-10:44:09.992] thr=7   paramiko.transport: Traceback (most recent call last):
ERR [20210311-10:44:09.993] thr=7   paramiko.transport:   File "E:\Security-Centric\latest_version\securitycentric_api\env\lib\site-packages\paramiko\transport.py", line 1966, in run
ERR [20210311-10:44:09.993] thr=7   paramiko.transport:     self._check_banner()
ERR [20210311-10:44:09.993] thr=7   paramiko.transport:   File "E:\Security-Centric\latest_version\securitycentric_api\env\lib\site-packages\paramiko\transport.py", line 2143, in _check_banner
ERR [20210311-10:44:09.993] thr=7   paramiko.transport:     "Error reading SSH protocol banner" + str(e)
ERR [20210311-10:44:09.994] thr=7   paramiko.transport: paramiko.ssh_exception.SSHException: Error reading SSH protocol banner
ERR [20210311-10:44:09.994] thr=7   paramiko.transport: 
DEB [20210311-10:44:12.970] thr=8   paramiko.transport: starting thread (client mode): 0x60e9f828
DEB [20210311-10:44:12.970] thr=8   paramiko.transport: Local version/idstring: SSH-2.0-paramiko_2.4.2
DEB [20210311-10:44:14.879] thr=9   paramiko.transport: starting thread (client mode): 0xedaab358
DEB [20210311-10:44:14.880] thr=9   paramiko.transport: Local version/idstring: SSH-2.0-paramiko_2.4.2
ERR [20210311-10:44:18.017] thr=7   paramiko.transport: Exception: Error reading SSH protocol banner[WinError 10054] An existing connection was forcibly closed by the remote host
ERR [20210311-10:44:18.018] thr=7   paramiko.transport: Traceback (most recent call last):
ERR [20210311-10:44:18.019] thr=7   paramiko.transport:   File "E:\Security-Centric\latest_version\securitycentric_api\env\lib\site-packages\paramiko\transport.py", line 2138, in _check_banner
ERR [20210311-10:44:18.019] thr=7   paramiko.transport:     buf = self.packetizer.readline(timeout)
ERR [20210311-10:44:18.019] thr=7   paramiko.transport:   File "E:\Security-Centric\latest_version\securitycentric_api\env\lib\site-packages\paramiko\packet.py", line 367, in readline
ERR [20210311-10:44:18.019] thr=7   paramiko.transport:     buf += self._read_timeout(timeout)
ERR [20210311-10:44:18.020] thr=7   paramiko.transport:   File "E:\Security-Centric\latest_version\securitycentric_api\env\lib\site-packages\paramiko\packet.py", line 561, in _read_timeout
ERR [20210311-10:44:18.020] thr=7   paramiko.transport:     x = self.__socket.recv(128)
ERR [20210311-10:44:18.020] thr=7   paramiko.transport: ConnectionResetError: [WinError 10054] An existing connection was forcibly closed by the remote host
ERR [20210311-10:44:18.020] thr=7   paramiko.transport: 
ERR [20210311-10:44:18.020] thr=7   paramiko.transport: During handling of the above exception, another exception occurred:
ERR [20210311-10:44:18.021] thr=7   paramiko.transport: 
ERR [20210311-10:44:18.021] thr=7   paramiko.transport: Traceback (most recent call last):
ERR [20210311-10:44:18.021] thr=7   paramiko.transport:   File "E:\Security-Centric\latest_version\securitycentric_api\env\lib\site-packages\paramiko\transport.py", line 1966, in run
ERR [20210311-10:44:18.021] thr=7   paramiko.transport:     self._check_banner()
ERR [20210311-10:44:18.021] thr=7   paramiko.transport:   File "E:\Security-Centric\latest_version\securitycentric_api\env\lib\site-packages\paramiko\transport.py", line 2143, in _check_banner
ERR [20210311-10:44:18.022] thr=7   paramiko.transport:     "Error reading SSH protocol banner" + str(e)
ERR [20210311-10:44:18.022] thr=7   paramiko.transport: paramiko.ssh_exception.SSHException: Error reading SSH protocol banner[WinError 10054] An existing connection was forcibly closed by the remote host
ERR [20210311-10:44:18.023] thr=7   paramiko.transport: 
ERR [20210311-10:44:19.979] thr=8   paramiko.transport: Exception: Error reading SSH protocol banner[WinError 10054] An existing connection was forcibly closed by the remote host
ERR [20210311-10:44:19.979] thr=8   paramiko.transport: Traceback (most recent call last):
ERR [20210311-10:44:19.980] thr=8   paramiko.transport:   File "E:\Security-Centric\latest_version\securitycentric_api\env\lib\site-packages\paramiko\transport.py", line 2138, in _check_banner
ERR [20210311-10:44:19.980] thr=8   paramiko.transport:     buf = self.packetizer.readline(timeout)
ERR [20210311-10:44:19.980] thr=8   paramiko.transport:   File "E:\Security-Centric\latest_version\securitycentric_api\env\lib\site-packages\paramiko\packet.py", line 367, in readline
ERR [20210311-10:44:19.980] thr=8   paramiko.transport:     buf += self._read_timeout(timeout)
ERR [20210311-10:44:19.980] thr=8   paramiko.transport:   File "E:\Security-Centric\latest_version\securitycentric_api\env\lib\site-packages\paramiko\packet.py", line 561, in _read_timeout
ERR [20210311-10:44:19.980] thr=8   paramiko.transport:     x = self.__socket.recv(128)
ERR [20210311-10:44:19.980] thr=8   paramiko.transport: ConnectionResetError: [WinError 10054] An existing connection was forcibly closed by the remote host
ERR [20210311-10:44:19.980] thr=8   paramiko.transport: 
ERR [20210311-10:44:19.980] thr=8   paramiko.transport: During handling of the above exception, another exception occurred:
ERR [20210311-10:44:19.980] thr=8   paramiko.transport: 
ERR [20210311-10:44:19.980] thr=8   paramiko.transport: Traceback (most recent call last):
ERR [20210311-10:44:19.980] thr=8   paramiko.transport:   File "E:\Security-Centric\latest_version\securitycentric_api\env\lib\site-packages\paramiko\transport.py", line 1966, in run
ERR [20210311-10:44:19.980] thr=8   paramiko.transport:     self._check_banner()
ERR [20210311-10:44:19.980] thr=8   paramiko.transport:   File "E:\Security-Centric\latest_version\securitycentric_api\env\lib\site-packages\paramiko\transport.py", line 2143, in _check_banner
ERR [20210311-10:44:19.980] thr=8   paramiko.transport:     "Error reading SSH protocol banner" + str(e)
ERR [20210311-10:44:19.980] thr=8   paramiko.transport: paramiko.ssh_exception.SSHException: Error reading SSH protocol banner[WinError 10054] An existing connection was forcibly closed by the remote host
ERR [20210311-10:44:19.980] thr=8   paramiko.transport: 
DEB [20210311-10:44:22.959] thr=9   paramiko.transport: starting thread (client mode): 0x60e9f5f8
DEB [20210311-10:44:22.960] thr=9   paramiko.transport: Local version/idstring: SSH-2.0-paramiko_2.4.2
DEB [20210311-10:44:24.900] thr=10  paramiko.transport: starting thread (client mode): 0xedb0d8d0
DEB [20210311-10:44:24.901] thr=10  paramiko.transport: Local version/idstring: SSH-2.0-paramiko_2.4.2
ERR [20210311-10:44:28.036] thr=8   paramiko.transport: Exception: Error reading SSH protocol banner[WinError 10054] An existing connection was forcibly closed by the remote host
ERR [20210311-10:44:28.036] thr=8   paramiko.transport: Traceback (most recent call last):
ERR [20210311-10:44:28.037] thr=8   paramiko.transport:   File "E:\Security-Centric\latest_version\securitycentric_api\env\lib\site-packages\paramiko\transport.py", line 2138, in _check_banner
ERR [20210311-10:44:28.037] thr=8   paramiko.transport:     buf = self.packetizer.readline(timeout)
ERR [20210311-10:44:28.037] thr=8   paramiko.transport:   File "E:\Security-Centric\latest_version\securitycentric_api\env\lib\site-packages\paramiko\packet.py", line 367, in readline
ERR [20210311-10:44:28.037] thr=8   paramiko.transport:     buf += self._read_timeout(timeout)
ERR [20210311-10:44:28.037] thr=8   paramiko.transport:   File "E:\Security-Centric\latest_version\securitycentric_api\env\lib\site-packages\paramiko\packet.py", line 561, in _read_timeout
ERR [20210311-10:44:28.037] thr=8   paramiko.transport:     x = self.__socket.recv(128)
ERR [20210311-10:44:28.037] thr=8   paramiko.transport: ConnectionResetError: [WinError 10054] An existing connection was forcibly closed by the remote host
ERR [20210311-10:44:28.037] thr=8   paramiko.transport: 
ERR [20210311-10:44:28.037] thr=8   paramiko.transport: During handling of the above exception, another exception occurred:
ERR [20210311-10:44:28.037] thr=8   paramiko.transport: 
ERR [20210311-10:44:28.037] thr=8   paramiko.transport: Traceback (most recent call last):
ERR [20210311-10:44:28.037] thr=8   paramiko.transport:   File "E:\Security-Centric\latest_version\securitycentric_api\env\lib\site-packages\paramiko\transport.py", line 1966, in run
ERR [20210311-10:44:28.037] thr=8   paramiko.transport:     self._check_banner()
ERR [20210311-10:44:28.037] thr=8   paramiko.transport:   File "E:\Security-Centric\latest_version\securitycentric_api\env\lib\site-packages\paramiko\transport.py", line 2143, in _check_banner
ERR [20210311-10:44:28.037] thr=8   paramiko.transport:     "Error reading SSH protocol banner" + str(e)
ERR [20210311-10:44:28.037] thr=8   paramiko.transport: paramiko.ssh_exception.SSHException: Error reading SSH protocol banner[WinError 10054] An existing connection was forcibly closed by the remote host
ERR [20210311-10:44:28.037] thr=8   paramiko.transport: 
ERR [20210311-10:44:29.959] thr=9   paramiko.transport: Exception: Error reading SSH protocol banner
ERR [20210311-10:44:29.959] thr=9   paramiko.transport: Traceback (most recent call last):
ERR [20210311-10:44:29.959] thr=9   paramiko.transport:   File "E:\Security-Centric\latest_version\securitycentric_api\env\lib\site-packages\paramiko\transport.py", line 2138, in _check_banner
ERR [20210311-10:44:29.959] thr=9   paramiko.transport:     buf = self.packetizer.readline(timeout)
ERR [20210311-10:44:29.959] thr=9   paramiko.transport:   File "E:\Security-Centric\latest_version\securitycentric_api\env\lib\site-packages\paramiko\packet.py", line 367, in readline
ERR [20210311-10:44:29.959] thr=9   paramiko.transport:     buf += self._read_timeout(timeout)
ERR [20210311-10:44:29.959] thr=9   paramiko.transport:   File "E:\Security-Centric\latest_version\securitycentric_api\env\lib\site-packages\paramiko\packet.py", line 576, in _read_timeout
ERR [20210311-10:44:29.959] thr=9   paramiko.transport:     raise socket.timeout()
ERR [20210311-10:44:29.959] thr=9   paramiko.transport: socket.timeout
ERR [20210311-10:44:29.959] thr=9   paramiko.transport: 
ERR [20210311-10:44:29.959] thr=9   paramiko.transport: During handling of the above exception, another exception occurred:
ERR [20210311-10:44:29.960] thr=9   paramiko.transport: 
ERR [20210311-10:44:29.960] thr=9   paramiko.transport: Traceback (most recent call last):
ERR [20210311-10:44:29.960] thr=9   paramiko.transport:   File "E:\Security-Centric\latest_version\securitycentric_api\env\lib\site-packages\paramiko\transport.py", line 1966, in run
ERR [20210311-10:44:29.960] thr=9   paramiko.transport:     self._check_banner()
ERR [20210311-10:44:29.960] thr=9   paramiko.transport:   File "E:\Security-Centric\latest_version\securitycentric_api\env\lib\site-packages\paramiko\transport.py", line 2143, in _check_banner
ERR [20210311-10:44:29.960] thr=9   paramiko.transport:     "Error reading SSH protocol banner" + str(e)
ERR [20210311-10:44:29.960] thr=9   paramiko.transport: paramiko.ssh_exception.SSHException: Error reading SSH protocol banner
ERR [20210311-10:44:29.960] thr=9   paramiko.transport: 
DEB [20210311-10:44:33.020] thr=10  paramiko.transport: starting thread (client mode): 0x60f046a0
DEB [20210311-10:44:33.021] thr=10  paramiko.transport: Local version/idstring: SSH-2.0-paramiko_2.4.2
ERR [20210311-10:44:38.028] thr=9   paramiko.transport: Exception: Error reading SSH protocol banner[WinError 10054] An existing connection was forcibly closed by the remote host
ERR [20210311-10:44:38.029] thr=9   paramiko.transport: Traceback (most recent call last):
ERR [20210311-10:44:38.029] thr=9   paramiko.transport:   File "E:\Security-Centric\latest_version\securitycentric_api\env\lib\site-packages\paramiko\transport.py", line 2138, in _check_banner
ERR [20210311-10:44:38.029] thr=9   paramiko.transport:     buf = self.packetizer.readline(timeout)
ERR [20210311-10:44:38.029] thr=9   paramiko.transport:   File "E:\Security-Centric\latest_version\securitycentric_api\env\lib\site-packages\paramiko\packet.py", line 367, in readline
ERR [20210311-10:44:38.030] thr=9   paramiko.transport:     buf += self._read_timeout(timeout)
ERR [20210311-10:44:38.030] thr=9   paramiko.transport:   File "E:\Security-Centric\latest_version\securitycentric_api\env\lib\site-packages\paramiko\packet.py", line 561, in _read_timeout
ERR [20210311-10:44:38.030] thr=9   paramiko.transport:     x = self.__socket.recv(128)
ERR [20210311-10:44:38.030] thr=9   paramiko.transport: ConnectionResetError: [WinError 10054] An existing connection was forcibly closed by the remote host
ERR [20210311-10:44:38.030] thr=9   paramiko.transport: 
ERR [20210311-10:44:38.030] thr=9   paramiko.transport: During handling of the above exception, another exception occurred:
ERR [20210311-10:44:38.030] thr=9   paramiko.transport: 
ERR [20210311-10:44:38.030] thr=9   paramiko.transport: Traceback (most recent call last):
ERR [20210311-10:44:38.030] thr=9   paramiko.transport:   File "E:\Security-Centric\latest_version\securitycentric_api\env\lib\site-packages\paramiko\transport.py", line 1966, in run
ERR [20210311-10:44:38.030] thr=9   paramiko.transport:     self._check_banner()
ERR [20210311-10:44:38.030] thr=9   paramiko.transport:   File "E:\Security-Centric\latest_version\securitycentric_api\env\lib\site-packages\paramiko\transport.py", line 2143, in _check_banner
ERR [20210311-10:44:38.030] thr=9   paramiko.transport:     "Error reading SSH protocol banner" + str(e)
ERR [20210311-10:44:38.030] thr=9   paramiko.transport: paramiko.ssh_exception.SSHException: Error reading SSH protocol banner[WinError 10054] An existing connection was forcibly closed by the remote host
ERR [20210311-10:44:38.031] thr=9   paramiko.transport: 
ERR [20210311-10:44:39.979] thr=10  paramiko.transport: Exception: Error reading SSH protocol banner
ERR [20210311-10:44:39.979] thr=10  paramiko.transport: Traceback (most recent call last):
ERR [20210311-10:44:39.979] thr=10  paramiko.transport:   File "E:\Security-Centric\latest_version\securitycentric_api\env\lib\site-packages\paramiko\transport.py", line 2138, in _check_banner
ERR [20210311-10:44:39.979] thr=10  paramiko.transport:     buf = self.packetizer.readline(timeout)
ERR [20210311-10:44:39.979] thr=10  paramiko.transport:   File "E:\Security-Centric\latest_version\securitycentric_api\env\lib\site-packages\paramiko\packet.py", line 367, in readline
ERR [20210311-10:44:39.979] thr=10  paramiko.transport:     buf += self._read_timeout(timeout)
ERR [20210311-10:44:39.979] thr=10  paramiko.transport:   File "E:\Security-Centric\latest_version\securitycentric_api\env\lib\site-packages\paramiko\packet.py", line 576, in _read_timeout
ERR [20210311-10:44:39.979] thr=10  paramiko.transport:     raise socket.timeout()
ERR [20210311-10:44:39.979] thr=10  paramiko.transport: socket.timeout
ERR [20210311-10:44:39.980] thr=10  paramiko.transport: 
ERR [20210311-10:44:39.980] thr=10  paramiko.transport: During handling of the above exception, another exception occurred:
ERR [20210311-10:44:39.980] thr=10  paramiko.transport: 
ERR [20210311-10:44:39.980] thr=10  paramiko.transport: Traceback (most recent call last):
ERR [20210311-10:44:39.980] thr=10  paramiko.transport:   File "E:\Security-Centric\latest_version\securitycentric_api\env\lib\site-packages\paramiko\transport.py", line 1966, in run
ERR [20210311-10:44:39.980] thr=10  paramiko.transport:     self._check_banner()
ERR [20210311-10:44:39.980] thr=10  paramiko.transport:   File "E:\Security-Centric\latest_version\securitycentric_api\env\lib\site-packages\paramiko\transport.py", line 2143, in _check_banner
ERR [20210311-10:44:39.980] thr=10  paramiko.transport:     "Error reading SSH protocol banner" + str(e)
ERR [20210311-10:44:39.980] thr=10  paramiko.transport: paramiko.ssh_exception.SSHException: Error reading SSH protocol banner
ERR [20210311-10:44:39.980] thr=10  paramiko.transport: 
ERR [20210311-10:44:48.097] thr=10  paramiko.transport: Exception: Error reading SSH protocol banner[WinError 10054] An existing connection was forcibly closed by the remote host
ERR [20210311-10:44:48.097] thr=10  paramiko.transport: Traceback (most recent call last):
ERR [20210311-10:44:48.097] thr=10  paramiko.transport:   File "E:\Security-Centric\latest_version\securitycentric_api\env\lib\site-packages\paramiko\transport.py", line 2138, in _check_banner
ERR [20210311-10:44:48.097] thr=10  paramiko.transport:     buf = self.packetizer.readline(timeout)
ERR [20210311-10:44:48.097] thr=10  paramiko.transport:   File "E:\Security-Centric\latest_version\securitycentric_api\env\lib\site-packages\paramiko\packet.py", line 367, in readline
ERR [20210311-10:44:48.097] thr=10  paramiko.transport:     buf += self._read_timeout(timeout)
ERR [20210311-10:44:48.097] thr=10  paramiko.transport:   File "E:\Security-Centric\latest_version\securitycentric_api\env\lib\site-packages\paramiko\packet.py", line 561, in _read_timeout
ERR [20210311-10:44:48.097] thr=10  paramiko.transport:     x = self.__socket.recv(128)
ERR [20210311-10:44:48.097] thr=10  paramiko.transport: ConnectionResetError: [WinError 10054] An existing connection was forcibly closed by the remote host
ERR [20210311-10:44:48.097] thr=10  paramiko.transport: 
ERR [20210311-10:44:48.098] thr=10  paramiko.transport: During handling of the above exception, another exception occurred:
ERR [20210311-10:44:48.098] thr=10  paramiko.transport: 
ERR [20210311-10:44:48.098] thr=10  paramiko.transport: Traceback (most recent call last):
ERR [20210311-10:44:48.098] thr=10  paramiko.transport:   File "E:\Security-Centric\latest_version\securitycentric_api\env\lib\site-packages\paramiko\transport.py", line 1966, in run
ERR [20210311-10:44:48.098] thr=10  paramiko.transport:     self._check_banner()
ERR [20210311-10:44:48.098] thr=10  paramiko.transport:   File "E:\Security-Centric\latest_version\securitycentric_api\env\lib\site-packages\paramiko\transport.py", line 2143, in _check_banner
ERR [20210311-10:44:48.098] thr=10  paramiko.transport:     "Error reading SSH protocol banner" + str(e)
ERR [20210311-10:44:48.098] thr=10  paramiko.transport: paramiko.ssh_exception.SSHException: Error reading SSH protocol banner[WinError 10054] An existing connection was forcibly closed by the remote host
ERR [20210311-10:44:48.098] thr=10  paramiko.transport: 
DEB [20210311-10:55:06.537] thr=1   paramiko.transport: starting thread (client mode): 0x8ea444e0
DEB [20210311-10:55:06.538] thr=1   paramiko.transport: Local version/idstring: SSH-2.0-paramiko_2.4.2
DEB [20210311-10:55:06.587] thr=1   paramiko.transport: starting thread (client mode): 0xa51a27f0
DEB [20210311-10:55:06.587] thr=1   paramiko.transport: Local version/idstring: SSH-2.0-paramiko_2.4.2
DEB [20210311-10:55:16.427] thr=2   paramiko.transport: starting thread (client mode): 0x8eb170b8
DEB [20210311-10:55:16.428] thr=2   paramiko.transport: Local version/idstring: SSH-2.0-paramiko_2.4.2
DEB [20210311-10:55:16.527] thr=2   paramiko.transport: starting thread (client mode): 0xa5284f98
DEB [20210311-10:55:16.528] thr=2   paramiko.transport: Local version/idstring: SSH-2.0-paramiko_2.4.2
ERR [20210311-10:55:21.617] thr=1   paramiko.transport: Exception: Error reading SSH protocol banner
ERR [20210311-10:55:21.622] thr=1   paramiko.transport: Traceback (most recent call last):
ERR [20210311-10:55:21.622] thr=1   paramiko.transport:   File "E:\Security-Centric\latest_version\securitycentric_api\env\lib\site-packages\paramiko\transport.py", line 2138, in _check_banner
ERR [20210311-10:55:21.622] thr=1   paramiko.transport:     buf = self.packetizer.readline(timeout)
ERR [20210311-10:55:21.622] thr=1   paramiko.transport:   File "E:\Security-Centric\latest_version\securitycentric_api\env\lib\site-packages\paramiko\packet.py", line 367, in readline
ERR [20210311-10:55:21.622] thr=1   paramiko.transport:     buf += self._read_timeout(timeout)
ERR [20210311-10:55:21.622] thr=1   paramiko.transport:   File "E:\Security-Centric\latest_version\securitycentric_api\env\lib\site-packages\paramiko\packet.py", line 576, in _read_timeout
ERR [20210311-10:55:21.622] thr=1   paramiko.transport:     raise socket.timeout()
ERR [20210311-10:55:21.622] thr=1   paramiko.transport: socket.timeout
ERR [20210311-10:55:21.622] thr=1   paramiko.transport: 
ERR [20210311-10:55:21.622] thr=1   paramiko.transport: During handling of the above exception, another exception occurred:
ERR [20210311-10:55:21.622] thr=1   paramiko.transport: 
ERR [20210311-10:55:21.622] thr=1   paramiko.transport: Traceback (most recent call last):
ERR [20210311-10:55:21.622] thr=1   paramiko.transport:   File "E:\Security-Centric\latest_version\securitycentric_api\env\lib\site-packages\paramiko\transport.py", line 1966, in run
ERR [20210311-10:55:21.622] thr=1   paramiko.transport:     self._check_banner()
ERR [20210311-10:55:21.622] thr=1   paramiko.transport:   File "E:\Security-Centric\latest_version\securitycentric_api\env\lib\site-packages\paramiko\transport.py", line 2143, in _check_banner
ERR [20210311-10:55:21.622] thr=1   paramiko.transport:     "Error reading SSH protocol banner" + str(e)
ERR [20210311-10:55:21.622] thr=1   paramiko.transport: paramiko.ssh_exception.SSHException: Error reading SSH protocol banner
ERR [20210311-10:55:21.623] thr=1   paramiko.transport: 
ERR [20210311-10:55:21.666] thr=1   paramiko.transport: Exception: Error reading SSH protocol banner
ERR [20210311-10:55:21.668] thr=1   paramiko.transport: Traceback (most recent call last):
ERR [20210311-10:55:21.669] thr=1   paramiko.transport:   File "E:\Security-Centric\latest_version\securitycentric_api\env\lib\site-packages\paramiko\transport.py", line 2138, in _check_banner
ERR [20210311-10:55:21.669] thr=1   paramiko.transport:     buf = self.packetizer.readline(timeout)
ERR [20210311-10:55:21.669] thr=1   paramiko.transport:   File "E:\Security-Centric\latest_version\securitycentric_api\env\lib\site-packages\paramiko\packet.py", line 367, in readline
ERR [20210311-10:55:21.669] thr=1   paramiko.transport:     buf += self._read_timeout(timeout)
ERR [20210311-10:55:21.669] thr=1   paramiko.transport:   File "E:\Security-Centric\latest_version\securitycentric_api\env\lib\site-packages\paramiko\packet.py", line 576, in _read_timeout
ERR [20210311-10:55:21.669] thr=1   paramiko.transport:     raise socket.timeout()
ERR [20210311-10:55:21.669] thr=1   paramiko.transport: socket.timeout
ERR [20210311-10:55:21.669] thr=1   paramiko.transport: 
ERR [20210311-10:55:21.670] thr=1   paramiko.transport: During handling of the above exception, another exception occurred:
ERR [20210311-10:55:21.670] thr=1   paramiko.transport: 
ERR [20210311-10:55:21.670] thr=1   paramiko.transport: Traceback (most recent call last):
ERR [20210311-10:55:21.670] thr=1   paramiko.transport:   File "E:\Security-Centric\latest_version\securitycentric_api\env\lib\site-packages\paramiko\transport.py", line 1966, in run
ERR [20210311-10:55:21.670] thr=1   paramiko.transport:     self._check_banner()
ERR [20210311-10:55:21.670] thr=1   paramiko.transport:   File "E:\Security-Centric\latest_version\securitycentric_api\env\lib\site-packages\paramiko\transport.py", line 2143, in _check_banner
ERR [20210311-10:55:21.670] thr=1   paramiko.transport:     "Error reading SSH protocol banner" + str(e)
ERR [20210311-10:55:21.670] thr=1   paramiko.transport: paramiko.ssh_exception.SSHException: Error reading SSH protocol banner
ERR [20210311-10:55:21.671] thr=1   paramiko.transport: 
ERR [20210311-10:55:31.494] thr=2   paramiko.transport: Exception: Error reading SSH protocol banner[WinError 10054] An existing connection was forcibly closed by the remote host
ERR [20210311-10:55:31.495] thr=2   paramiko.transport: Traceback (most recent call last):
ERR [20210311-10:55:31.495] thr=2   paramiko.transport:   File "E:\Security-Centric\latest_version\securitycentric_api\env\lib\site-packages\paramiko\transport.py", line 2138, in _check_banner
ERR [20210311-10:55:31.495] thr=2   paramiko.transport:     buf = self.packetizer.readline(timeout)
ERR [20210311-10:55:31.495] thr=2   paramiko.transport:   File "E:\Security-Centric\latest_version\securitycentric_api\env\lib\site-packages\paramiko\packet.py", line 367, in readline
ERR [20210311-10:55:31.495] thr=2   paramiko.transport:     buf += self._read_timeout(timeout)
ERR [20210311-10:55:31.495] thr=2   paramiko.transport:   File "E:\Security-Centric\latest_version\securitycentric_api\env\lib\site-packages\paramiko\packet.py", line 561, in _read_timeout
ERR [20210311-10:55:31.495] thr=2   paramiko.transport:     x = self.__socket.recv(128)
ERR [20210311-10:55:31.495] thr=2   paramiko.transport: ConnectionResetError: [WinError 10054] An existing connection was forcibly closed by the remote host
ERR [20210311-10:55:31.495] thr=2   paramiko.transport: 
ERR [20210311-10:55:31.495] thr=2   paramiko.transport: During handling of the above exception, another exception occurred:
ERR [20210311-10:55:31.495] thr=2   paramiko.transport: 
ERR [20210311-10:55:31.495] thr=2   paramiko.transport: Traceback (most recent call last):
ERR [20210311-10:55:31.496] thr=2   paramiko.transport:   File "E:\Security-Centric\latest_version\securitycentric_api\env\lib\site-packages\paramiko\transport.py", line 1966, in run
ERR [20210311-10:55:31.496] thr=2   paramiko.transport:     self._check_banner()
ERR [20210311-10:55:31.496] thr=2   paramiko.transport:   File "E:\Security-Centric\latest_version\securitycentric_api\env\lib\site-packages\paramiko\transport.py", line 2143, in _check_banner
ERR [20210311-10:55:31.496] thr=2   paramiko.transport:     "Error reading SSH protocol banner" + str(e)
ERR [20210311-10:55:31.496] thr=2   paramiko.transport: paramiko.ssh_exception.SSHException: Error reading SSH protocol banner[WinError 10054] An existing connection was forcibly closed by the remote host
ERR [20210311-10:55:31.496] thr=2   paramiko.transport: 
ERR [20210311-10:55:31.591] thr=2   paramiko.transport: Exception: Error reading SSH protocol banner[WinError 10054] An existing connection was forcibly closed by the remote host
ERR [20210311-10:55:31.592] thr=2   paramiko.transport: Traceback (most recent call last):
ERR [20210311-10:55:31.594] thr=2   paramiko.transport:   File "E:\Security-Centric\latest_version\securitycentric_api\env\lib\site-packages\paramiko\transport.py", line 2138, in _check_banner
ERR [20210311-10:55:31.594] thr=2   paramiko.transport:     buf = self.packetizer.readline(timeout)
ERR [20210311-10:55:31.594] thr=2   paramiko.transport:   File "E:\Security-Centric\latest_version\securitycentric_api\env\lib\site-packages\paramiko\packet.py", line 367, in readline
ERR [20210311-10:55:31.595] thr=2   paramiko.transport:     buf += self._read_timeout(timeout)
ERR [20210311-10:55:31.595] thr=2   paramiko.transport:   File "E:\Security-Centric\latest_version\securitycentric_api\env\lib\site-packages\paramiko\packet.py", line 561, in _read_timeout
ERR [20210311-10:55:31.595] thr=2   paramiko.transport:     x = self.__socket.recv(128)
ERR [20210311-10:55:31.595] thr=2   paramiko.transport: ConnectionResetError: [WinError 10054] An existing connection was forcibly closed by the remote host
ERR [20210311-10:55:31.595] thr=2   paramiko.transport: 
ERR [20210311-10:55:31.596] thr=2   paramiko.transport: During handling of the above exception, another exception occurred:
ERR [20210311-10:55:31.596] thr=2   paramiko.transport: 
ERR [20210311-10:55:31.596] thr=2   paramiko.transport: Traceback (most recent call last):
ERR [20210311-10:55:31.596] thr=2   paramiko.transport:   File "E:\Security-Centric\latest_version\securitycentric_api\env\lib\site-packages\paramiko\transport.py", line 1966, in run
ERR [20210311-10:55:31.596] thr=2   paramiko.transport:     self._check_banner()
ERR [20210311-10:55:31.596] thr=2   paramiko.transport:   File "E:\Security-Centric\latest_version\securitycentric_api\env\lib\site-packages\paramiko\transport.py", line 2143, in _check_banner
ERR [20210311-10:55:31.596] thr=2   paramiko.transport:     "Error reading SSH protocol banner" + str(e)
ERR [20210311-10:55:31.596] thr=2   paramiko.transport: paramiko.ssh_exception.SSHException: Error reading SSH protocol banner[WinError 10054] An existing connection was forcibly closed by the remote host
ERR [20210311-10:55:31.596] thr=2   paramiko.transport: 
